The system is: Linux - 5.0.0-27-generic - x86_64
Compiling the C compiler identification source file "CMakeCCompilerId.c" succeeded.
Compiler: /home/xiaochen/android-ndk-r20/toolchains/llvm/prebuilt/linux-x86_64/bin/armv7a-linux-androideabi21-clang 
Build flags: 
Id flags:  

The output was:
0


Compilation of the C compiler identification source "CMakeCCompilerId.c" produced "a.out"

The C compiler identification is Clang, found in "/home/xiaochen/android-build/freeimage-cmake/build/CMakeFiles/3.14.4/CompilerIdC/a.out"

Compiling the CXX compiler identification source file "CMakeCXXCompilerId.cpp" succeeded.
Compiler: /home/xiaochen/android-ndk-r20/toolchains/llvm/prebuilt/linux-x86_64/bin/armv7a-linux-androideabi21-clang++ 
Build flags: 
Id flags:  

The output was:
0


Compilation of the CXX compiler identification source "CMakeCXXCompilerId.cpp" produced "a.out"

The CXX compiler identification is Clang, found in "/home/xiaochen/android-build/freeimage-cmake/build/CMakeFiles/3.14.4/CompilerIdCXX/a.out"

Determining if the C compiler works passed with the following output:
Change Dir: /home/xiaochen/android-build/freeimage-cmake/build/CMakeFiles/CMakeTmp

Run Build Command(s):/usr/bin/make cmTC_05ffd/fast 
/usr/bin/make -f CMakeFiles/cmTC_05ffd.dir/build.make CMakeFiles/cmTC_05ffd.dir/build
make[1]: Entering directory '/home/xiaochen/android-build/freeimage-cmake/build/CMakeFiles/CMakeTmp'
Building C object CMakeFiles/cmTC_05ffd.dir/testCCompiler.c.o
/home/xiaochen/android-ndk-r20/toolchains/llvm/prebuilt/linux-x86_64/bin/armv7a-linux-androideabi21-clang    -o CMakeFiles/cmTC_05ffd.dir/testCCompiler.c.o   -c /home/xiaochen/android-build/freeimage-cmake/build/CMakeFiles/CMakeTmp/testCCompiler.c
Linking C executable cmTC_05ffd
/opt/cmake/bin/cmake -E cmake_link_script CMakeFiles/cmTC_05ffd.dir/link.txt --verbose=1
/home/xiaochen/android-ndk-r20/toolchains/llvm/prebuilt/linux-x86_64/bin/armv7a-linux-androideabi21-clang      -rdynamic CMakeFiles/cmTC_05ffd.dir/testCCompiler.c.o  -o cmTC_05ffd 
make[1]: Leaving directory '/home/xiaochen/android-build/freeimage-cmake/build/CMakeFiles/CMakeTmp'


Detecting C compiler ABI info compiled with the following output:
Change Dir: /home/xiaochen/android-build/freeimage-cmake/build/CMakeFiles/CMakeTmp

Run Build Command(s):/usr/bin/make cmTC_c8651/fast 
/usr/bin/make -f CMakeFiles/cmTC_c8651.dir/build.make CMakeFiles/cmTC_c8651.dir/build
make[1]: Entering directory '/home/xiaochen/android-build/freeimage-cmake/build/CMakeFiles/CMakeTmp'
Building C object CMakeFiles/cmTC_c8651.dir/CMakeCCompilerABI.c.o
/home/xiaochen/android-ndk-r20/toolchains/llvm/prebuilt/linux-x86_64/bin/armv7a-linux-androideabi21-clang   -v -o CMakeFiles/cmTC_c8651.dir/CMakeCCompilerABI.c.o   -c /opt/cmake/share/cmake-3.14/Modules/CMakeCCompilerABI.c
Android (5220042 based on r346389c) clang version 8.0.7 (https://android.googlesource.com/toolchain/clang b55f2d4ebfd35bf643d27dbca1bb228957008617) (https://android.googlesource.com/toolchain/llvm 3c393fe7a7e13b0fba4ac75a01aa683d7a5b11cd) (based on LLVM 8.0.7svn)
Target: armv7a-unknown-linux-android21
Thread model: posix
InstalledDir: /home/xiaochen/android-ndk-r20/toolchains/llvm/prebuilt/linux-x86_64/bin
Found candidate GCC installation: /home/xiaochen/android-ndk-r20/toolchains/llvm/prebuilt/linux-x86_64/bin/../lib/gcc/arm-linux-androideabi/4.9.x
Selected GCC installation: /home/xiaochen/android-ndk-r20/toolchains/llvm/prebuilt/linux-x86_64/bin/../lib/gcc/arm-linux-androideabi/4.9.x
Candidate multilib: thumb;@mthumb
Candidate multilib: armv7-a;@march=armv7-a
Candidate multilib: armv7-a/thumb;@march=armv7-a@mthumb
Candidate multilib: .;
Selected multilib: armv7-a;@march=armv7-a
 "/home/xiaochen/android-ndk-r20/toolchains/llvm/prebuilt/linux-x86_64/bin/clang" -cc1 -triple armv7-unknown-linux-android21 -emit-obj -mrelax-all -disable-free -disable-llvm-verifier -discard-value-names -main-file-name CMakeCCompilerABI.c -mrelocation-model pic -pic-level 2 -pic-is-pie -mthread-model posix -mdisable-fp-elim -masm-verbose -mconstructor-aliases -fuse-init-array -target-cpu generic -target-feature +soft-float-abi -target-feature -fp-only-sp -target-feature +d16 -target-feature +vfp3 -target-feature -fp16 -target-feature -vfp4 -target-feature -fp-armv8 -target-feature -neon -target-feature -crypto -target-abi aapcs-linux -mfloat-abi soft -fallow-half-arguments-and-returns -dwarf-column-info -debugger-tuning=gdb -v -coverage-notes-file /home/xiaochen/android-build/freeimage-cmake/build/CMakeFiles/CMakeTmp/CMakeFiles/cmTC_c8651.dir/CMakeCCompilerABI.c.gcno -resource-dir /home/xiaochen/android-ndk-r20/toolchains/llvm/prebuilt/linux-x86_64/lib64/clang/8.0.7 -internal-isystem /home/xiaochen/android-ndk-r20/toolchains/llvm/prebuilt/linux-x86_64/bin/../sysroot/usr/local/include -internal-isystem /home/xiaochen/android-ndk-r20/toolchains/llvm/prebuilt/linux-x86_64/lib64/clang/8.0.7/include -internal-externc-isystem /home/xiaochen/android-ndk-r20/toolchains/llvm/prebuilt/linux-x86_64/bin/../sysroot/usr/include/arm-linux-androideabi -internal-externc-isystem /home/xiaochen/android-ndk-r20/toolchains/llvm/prebuilt/linux-x86_64/bin/../sysroot/include -internal-externc-isystem /home/xiaochen/android-ndk-r20/toolchains/llvm/prebuilt/linux-x86_64/bin/../sysroot/usr/include -fdebug-compilation-dir /home/xiaochen/android-build/freeimage-cmake/build/CMakeFiles/CMakeTmp -ferror-limit 19 -fmessage-length 0 -fno-signed-char -fobjc-runtime=gcc -fdiagnostics-show-option -o CMakeFiles/cmTC_c8651.dir/CMakeCCompilerABI.c.o -x c /opt/cmake/share/cmake-3.14/Modules/CMakeCCompilerABI.c
clang -cc1 version 8.0.7 based upon LLVM 8.0.7svn default target x86_64-unknown-linux-gnu
ignoring nonexistent directory "/home/xiaochen/android-ndk-r20/toolchains/llvm/prebuilt/linux-x86_64/bin/../sysroot/include"
#include "..." search starts here:
#include <...> search starts here:
 /home/xiaochen/android-ndk-r20/toolchains/llvm/prebuilt/linux-x86_64/bin/../sysroot/usr/local/include
 /home/xiaochen/android-ndk-r20/toolchains/llvm/prebuilt/linux-x86_64/lib64/clang/8.0.7/include
 /home/xiaochen/android-ndk-r20/toolchains/llvm/prebuilt/linux-x86_64/bin/../sysroot/usr/include/arm-linux-androideabi
 /home/xiaochen/android-ndk-r20/toolchains/llvm/prebuilt/linux-x86_64/bin/../sysroot/usr/include
End of search list.
Linking C executable cmTC_c8651
/opt/cmake/bin/cmake -E cmake_link_script CMakeFiles/cmTC_c8651.dir/link.txt --verbose=1
/home/xiaochen/android-ndk-r20/toolchains/llvm/prebuilt/linux-x86_64/bin/armv7a-linux-androideabi21-clang     -v -rdynamic CMakeFiles/cmTC_c8651.dir/CMakeCCompilerABI.c.o  -o cmTC_c8651 
Android (5220042 based on r346389c) clang version 8.0.7 (https://android.googlesource.com/toolchain/clang b55f2d4ebfd35bf643d27dbca1bb228957008617) (https://android.googlesource.com/toolchain/llvm 3c393fe7a7e13b0fba4ac75a01aa683d7a5b11cd) (based on LLVM 8.0.7svn)
Target: armv7a-unknown-linux-android21
Thread model: posix
InstalledDir: /home/xiaochen/android-ndk-r20/toolchains/llvm/prebuilt/linux-x86_64/bin
Found candidate GCC installation: /home/xiaochen/android-ndk-r20/toolchains/llvm/prebuilt/linux-x86_64/bin/../lib/gcc/arm-linux-androideabi/4.9.x
Selected GCC installation: /home/xiaochen/android-ndk-r20/toolchains/llvm/prebuilt/linux-x86_64/bin/../lib/gcc/arm-linux-androideabi/4.9.x
Candidate multilib: thumb;@mthumb
Candidate multilib: armv7-a;@march=armv7-a
Candidate multilib: armv7-a/thumb;@march=armv7-a@mthumb
Candidate multilib: .;
Selected multilib: armv7-a;@march=armv7-a
 "/home/xiaochen/android-ndk-r20/toolchains/llvm/prebuilt/linux-x86_64/bin/../lib/gcc/arm-linux-androideabi/4.9.x/../../../../arm-linux-androideabi/bin/ld" -pie -export-dynamic -EL -z now -z relro -X --hash-style=gnu --hash-style=both --enable-new-dtags --eh-frame-hdr -m armelf_linux_eabi -export-dynamic -dynamic-linker /system/bin/linker -o cmTC_c8651 /home/xiaochen/android-ndk-r20/toolchains/llvm/prebuilt/linux-x86_64/bin/../sysroot/usr/lib/arm-linux-androideabi/21/crtbegin_dynamic.o -L/home/xiaochen/android-ndk-r20/toolchains/llvm/prebuilt/linux-x86_64/lib64/clang/8.0.7/lib/linux/arm -L/home/xiaochen/android-ndk-r20/toolchains/llvm/prebuilt/linux-x86_64/bin/../lib/gcc/arm-linux-androideabi/4.9.x/armv7-a -L/home/xiaochen/android-ndk-r20/toolchains/llvm/prebuilt/linux-x86_64/bin/../lib/gcc/arm-linux-androideabi/4.9.x/../../../../arm-linux-androideabi/lib/../lib/armv7-a -L/home/xiaochen/android-ndk-r20/toolchains/llvm/prebuilt/linux-x86_64/bin/../sysroot/usr/lib/arm-linux-androideabi/21 -L/home/xiaochen/android-ndk-r20/toolchains/llvm/prebuilt/linux-x86_64/bin/../sysroot/usr/lib/arm-linux-androideabi -L/home/xiaochen/android-ndk-r20/toolchains/llvm/prebuilt/linux-x86_64/bin/../sysroot/usr/lib/../lib -L/home/xiaochen/android-ndk-r20/toolchains/llvm/prebuilt/linux-x86_64/bin/../sysroot/usr/lib/arm-linux-androideabi/../../lib -L/home/xiaochen/android-ndk-r20/toolchains/llvm/prebuilt/linux-x86_64/bin/../lib/gcc/arm-linux-androideabi/4.9.x/../../../../arm-linux-androideabi/lib/armv7-a -L/home/xiaochen/android-ndk-r20/toolchains/llvm/prebuilt/linux-x86_64/bin/../sysroot/usr/lib CMakeFiles/cmTC_c8651.dir/CMakeCCompilerABI.c.o -lgcc -ldl -lc -lgcc -ldl /home/xiaochen/android-ndk-r20/toolchains/llvm/prebuilt/linux-x86_64/bin/../sysroot/usr/lib/arm-linux-androideabi/21/crtend_android.o
make[1]: Leaving directory '/home/xiaochen/android-build/freeimage-cmake/build/CMakeFiles/CMakeTmp'


Parsed C implicit include dir info from above output: rv=done
  found start of include info
  found start of implicit include info
    add: [/home/xiaochen/android-ndk-r20/toolchains/llvm/prebuilt/linux-x86_64/bin/../sysroot/usr/local/include]
    add: [/home/xiaochen/android-ndk-r20/toolchains/llvm/prebuilt/linux-x86_64/lib64/clang/8.0.7/include]
    add: [/home/xiaochen/android-ndk-r20/toolchains/llvm/prebuilt/linux-x86_64/bin/../sysroot/usr/include/arm-linux-androideabi]
    add: [/home/xiaochen/android-ndk-r20/toolchains/llvm/prebuilt/linux-x86_64/bin/../sysroot/usr/include]
  end of search list found
  collapse include dir [/home/xiaochen/android-ndk-r20/toolchains/llvm/prebuilt/linux-x86_64/bin/../sysroot/usr/local/include] ==> [/home/xiaochen/android-ndk-r20/toolchains/llvm/prebuilt/linux-x86_64/sysroot/usr/local/include]
  collapse include dir [/home/xiaochen/android-ndk-r20/toolchains/llvm/prebuilt/linux-x86_64/lib64/clang/8.0.7/include] ==> [/home/xiaochen/android-ndk-r20/toolchains/llvm/prebuilt/linux-x86_64/lib64/clang/8.0.7/include]
  collapse include dir [/home/xiaochen/android-ndk-r20/toolchains/llvm/prebuilt/linux-x86_64/bin/../sysroot/usr/include/arm-linux-androideabi] ==> [/home/xiaochen/android-ndk-r20/toolchains/llvm/prebuilt/linux-x86_64/sysroot/usr/include/arm-linux-androideabi]
  collapse include dir [/home/xiaochen/android-ndk-r20/toolchains/llvm/prebuilt/linux-x86_64/bin/../sysroot/usr/include] ==> [/home/xiaochen/android-ndk-r20/toolchains/llvm/prebuilt/linux-x86_64/sysroot/usr/include]
  implicit include dirs: [/home/xiaochen/android-ndk-r20/toolchains/llvm/prebuilt/linux-x86_64/sysroot/usr/local/include;/home/xiaochen/android-ndk-r20/toolchains/llvm/prebuilt/linux-x86_64/lib64/clang/8.0.7/include;/home/xiaochen/android-ndk-r20/toolchains/llvm/prebuilt/linux-x86_64/sysroot/usr/include/arm-linux-androideabi;/home/xiaochen/android-ndk-r20/toolchains/llvm/prebuilt/linux-x86_64/sysroot/usr/include]


Parsed C implicit link information from above output:
  link line regex: [^( *|.*[/\])(ld|CMAKE_LINK_STARTFILE-NOTFOUND|([^/\]+-)?ld|collect2)[^/\]*( |$)]
  ignore line: [Change Dir: /home/xiaochen/android-build/freeimage-cmake/build/CMakeFiles/CMakeTmp]
  ignore line: []
  ignore line: [Run Build Command(s):/usr/bin/make cmTC_c8651/fast ]
  ignore line: [/usr/bin/make -f CMakeFiles/cmTC_c8651.dir/build.make CMakeFiles/cmTC_c8651.dir/build]
  ignore line: [make[1]: Entering directory '/home/xiaochen/android-build/freeimage-cmake/build/CMakeFiles/CMakeTmp']
  ignore line: [Building C object CMakeFiles/cmTC_c8651.dir/CMakeCCompilerABI.c.o]
  ignore line: [/home/xiaochen/android-ndk-r20/toolchains/llvm/prebuilt/linux-x86_64/bin/armv7a-linux-androideabi21-clang   -v -o CMakeFiles/cmTC_c8651.dir/CMakeCCompilerABI.c.o   -c /opt/cmake/share/cmake-3.14/Modules/CMakeCCompilerABI.c]
  ignore line: [Android (5220042 based on r346389c) clang version 8.0.7 (https://android.googlesource.com/toolchain/clang b55f2d4ebfd35bf643d27dbca1bb228957008617) (https://android.googlesource.com/toolchain/llvm 3c393fe7a7e13b0fba4ac75a01aa683d7a5b11cd) (based on LLVM 8.0.7svn)]
  ignore line: [Target: armv7a-unknown-linux-android21]
  ignore line: [Thread model: posix]
  ignore line: [InstalledDir: /home/xiaochen/android-ndk-r20/toolchains/llvm/prebuilt/linux-x86_64/bin]
  ignore line: [Found candidate GCC installation: /home/xiaochen/android-ndk-r20/toolchains/llvm/prebuilt/linux-x86_64/bin/../lib/gcc/arm-linux-androideabi/4.9.x]
  ignore line: [Selected GCC installation: /home/xiaochen/android-ndk-r20/toolchains/llvm/prebuilt/linux-x86_64/bin/../lib/gcc/arm-linux-androideabi/4.9.x]
  ignore line: [Candidate multilib: thumb]
  ignore line: [@mthumb]
  ignore line: [Candidate multilib: armv7-a]
  ignore line: [@march=armv7-a]
  ignore line: [Candidate multilib: armv7-a/thumb]
  ignore line: [@march=armv7-a@mthumb]
  ignore line: [Candidate multilib: .]
  ignore line: []
  ignore line: [Selected multilib: armv7-a]
  ignore line: [@march=armv7-a]
  ignore line: [ "/home/xiaochen/android-ndk-r20/toolchains/llvm/prebuilt/linux-x86_64/bin/clang" -cc1 -triple armv7-unknown-linux-android21 -emit-obj -mrelax-all -disable-free -disable-llvm-verifier -discard-value-names -main-file-name CMakeCCompilerABI.c -mrelocation-model pic -pic-level 2 -pic-is-pie -mthread-model posix -mdisable-fp-elim -masm-verbose -mconstructor-aliases -fuse-init-array -target-cpu generic -target-feature +soft-float-abi -target-feature -fp-only-sp -target-feature +d16 -target-feature +vfp3 -target-feature -fp16 -target-feature -vfp4 -target-feature -fp-armv8 -target-feature -neon -target-feature -crypto -target-abi aapcs-linux -mfloat-abi soft -fallow-half-arguments-and-returns -dwarf-column-info -debugger-tuning=gdb -v -coverage-notes-file /home/xiaochen/android-build/freeimage-cmake/build/CMakeFiles/CMakeTmp/CMakeFiles/cmTC_c8651.dir/CMakeCCompilerABI.c.gcno -resource-dir /home/xiaochen/android-ndk-r20/toolchains/llvm/prebuilt/linux-x86_64/lib64/clang/8.0.7 -internal-isystem /home/xiaochen/android-ndk-r20/toolchains/llvm/prebuilt/linux-x86_64/bin/../sysroot/usr/local/include -internal-isystem /home/xiaochen/android-ndk-r20/toolchains/llvm/prebuilt/linux-x86_64/lib64/clang/8.0.7/include -internal-externc-isystem /home/xiaochen/android-ndk-r20/toolchains/llvm/prebuilt/linux-x86_64/bin/../sysroot/usr/include/arm-linux-androideabi -internal-externc-isystem /home/xiaochen/android-ndk-r20/toolchains/llvm/prebuilt/linux-x86_64/bin/../sysroot/include -internal-externc-isystem /home/xiaochen/android-ndk-r20/toolchains/llvm/prebuilt/linux-x86_64/bin/../sysroot/usr/include -fdebug-compilation-dir /home/xiaochen/android-build/freeimage-cmake/build/CMakeFiles/CMakeTmp -ferror-limit 19 -fmessage-length 0 -fno-signed-char -fobjc-runtime=gcc -fdiagnostics-show-option -o CMakeFiles/cmTC_c8651.dir/CMakeCCompilerABI.c.o -x c /opt/cmake/share/cmake-3.14/Modules/CMakeCCompilerABI.c]
  ignore line: [clang -cc1 version 8.0.7 based upon LLVM 8.0.7svn default target x86_64-unknown-linux-gnu]
  ignore line: [ignoring nonexistent directory "/home/xiaochen/android-ndk-r20/toolchains/llvm/prebuilt/linux-x86_64/bin/../sysroot/include"]
  ignore line: [#include "..." search starts here:]
  ignore line: [#include <...> search starts here:]
  ignore line: [ /home/xiaochen/android-ndk-r20/toolchains/llvm/prebuilt/linux-x86_64/bin/../sysroot/usr/local/include]
  ignore line: [ /home/xiaochen/android-ndk-r20/toolchains/llvm/prebuilt/linux-x86_64/lib64/clang/8.0.7/include]
  ignore line: [ /home/xiaochen/android-ndk-r20/toolchains/llvm/prebuilt/linux-x86_64/bin/../sysroot/usr/include/arm-linux-androideabi]
  ignore line: [ /home/xiaochen/android-ndk-r20/toolchains/llvm/prebuilt/linux-x86_64/bin/../sysroot/usr/include]
  ignore line: [End of search list.]
  ignore line: [Linking C executable cmTC_c8651]
  ignore line: [/opt/cmake/bin/cmake -E cmake_link_script CMakeFiles/cmTC_c8651.dir/link.txt --verbose=1]
  ignore line: [/home/xiaochen/android-ndk-r20/toolchains/llvm/prebuilt/linux-x86_64/bin/armv7a-linux-androideabi21-clang     -v -rdynamic CMakeFiles/cmTC_c8651.dir/CMakeCCompilerABI.c.o  -o cmTC_c8651 ]
  ignore line: [Android (5220042 based on r346389c) clang version 8.0.7 (https://android.googlesource.com/toolchain/clang b55f2d4ebfd35bf643d27dbca1bb228957008617) (https://android.googlesource.com/toolchain/llvm 3c393fe7a7e13b0fba4ac75a01aa683d7a5b11cd) (based on LLVM 8.0.7svn)]
  ignore line: [Target: armv7a-unknown-linux-android21]
  ignore line: [Thread model: posix]
  ignore line: [InstalledDir: /home/xiaochen/android-ndk-r20/toolchains/llvm/prebuilt/linux-x86_64/bin]
  ignore line: [Found candidate GCC installation: /home/xiaochen/android-ndk-r20/toolchains/llvm/prebuilt/linux-x86_64/bin/../lib/gcc/arm-linux-androideabi/4.9.x]
  ignore line: [Selected GCC installation: /home/xiaochen/android-ndk-r20/toolchains/llvm/prebuilt/linux-x86_64/bin/../lib/gcc/arm-linux-androideabi/4.9.x]
  ignore line: [Candidate multilib: thumb]
  ignore line: [@mthumb]
  ignore line: [Candidate multilib: armv7-a]
  ignore line: [@march=armv7-a]
  ignore line: [Candidate multilib: armv7-a/thumb]
  ignore line: [@march=armv7-a@mthumb]
  ignore line: [Candidate multilib: .]
  ignore line: []
  ignore line: [Selected multilib: armv7-a]
  ignore line: [@march=armv7-a]
  link line: [ "/home/xiaochen/android-ndk-r20/toolchains/llvm/prebuilt/linux-x86_64/bin/../lib/gcc/arm-linux-androideabi/4.9.x/../../../../arm-linux-androideabi/bin/ld" -pie -export-dynamic -EL -z now -z relro -X --hash-style=gnu --hash-style=both --enable-new-dtags --eh-frame-hdr -m armelf_linux_eabi -export-dynamic -dynamic-linker /system/bin/linker -o cmTC_c8651 /home/xiaochen/android-ndk-r20/toolchains/llvm/prebuilt/linux-x86_64/bin/../sysroot/usr/lib/arm-linux-androideabi/21/crtbegin_dynamic.o -L/home/xiaochen/android-ndk-r20/toolchains/llvm/prebuilt/linux-x86_64/lib64/clang/8.0.7/lib/linux/arm -L/home/xiaochen/android-ndk-r20/toolchains/llvm/prebuilt/linux-x86_64/bin/../lib/gcc/arm-linux-androideabi/4.9.x/armv7-a -L/home/xiaochen/android-ndk-r20/toolchains/llvm/prebuilt/linux-x86_64/bin/../lib/gcc/arm-linux-androideabi/4.9.x/../../../../arm-linux-androideabi/lib/../lib/armv7-a -L/home/xiaochen/android-ndk-r20/toolchains/llvm/prebuilt/linux-x86_64/bin/../sysroot/usr/lib/arm-linux-androideabi/21 -L/home/xiaochen/android-ndk-r20/toolchains/llvm/prebuilt/linux-x86_64/bin/../sysroot/usr/lib/arm-linux-androideabi -L/home/xiaochen/android-ndk-r20/toolchains/llvm/prebuilt/linux-x86_64/bin/../sysroot/usr/lib/../lib -L/home/xiaochen/android-ndk-r20/toolchains/llvm/prebuilt/linux-x86_64/bin/../sysroot/usr/lib/arm-linux-androideabi/../../lib -L/home/xiaochen/android-ndk-r20/toolchains/llvm/prebuilt/linux-x86_64/bin/../lib/gcc/arm-linux-androideabi/4.9.x/../../../../arm-linux-androideabi/lib/armv7-a -L/home/xiaochen/android-ndk-r20/toolchains/llvm/prebuilt/linux-x86_64/bin/../sysroot/usr/lib CMakeFiles/cmTC_c8651.dir/CMakeCCompilerABI.c.o -lgcc -ldl -lc -lgcc -ldl /home/xiaochen/android-ndk-r20/toolchains/llvm/prebuilt/linux-x86_64/bin/../sysroot/usr/lib/arm-linux-androideabi/21/crtend_android.o]
    arg [/home/xiaochen/android-ndk-r20/toolchains/llvm/prebuilt/linux-x86_64/bin/../lib/gcc/arm-linux-androideabi/4.9.x/../../../../arm-linux-androideabi/bin/ld] ==> ignore
    arg [-pie] ==> ignore
    arg [-export-dynamic] ==> ignore
    arg [-EL] ==> ignore
    arg [-znow] ==> ignore
    arg [-zrelro] ==> ignore
    arg [-X] ==> ignore
    arg [--hash-style=gnu] ==> ignore
    arg [--hash-style=both] ==> ignore
    arg [--enable-new-dtags] ==> ignore
    arg [--eh-frame-hdr] ==> ignore
    arg [-m] ==> ignore
    arg [armelf_linux_eabi] ==> ignore
    arg [-export-dynamic] ==> ignore
    arg [-dynamic-linker] ==> ignore
    arg [/system/bin/linker] ==> ignore
    arg [-o] ==> ignore
    arg [cmTC_c8651] ==> ignore
    arg [/home/xiaochen/android-ndk-r20/toolchains/llvm/prebuilt/linux-x86_64/bin/../sysroot/usr/lib/arm-linux-androideabi/21/crtbegin_dynamic.o] ==> ignore
    arg [-L/home/xiaochen/android-ndk-r20/toolchains/llvm/prebuilt/linux-x86_64/lib64/clang/8.0.7/lib/linux/arm] ==> dir [/home/xiaochen/android-ndk-r20/toolchains/llvm/prebuilt/linux-x86_64/lib64/clang/8.0.7/lib/linux/arm]
    arg [-L/home/xiaochen/android-ndk-r20/toolchains/llvm/prebuilt/linux-x86_64/bin/../lib/gcc/arm-linux-androideabi/4.9.x/armv7-a] ==> dir [/home/xiaochen/android-ndk-r20/toolchains/llvm/prebuilt/linux-x86_64/bin/../lib/gcc/arm-linux-androideabi/4.9.x/armv7-a]
    arg [-L/home/xiaochen/android-ndk-r20/toolchains/llvm/prebuilt/linux-x86_64/bin/../lib/gcc/arm-linux-androideabi/4.9.x/../../../../arm-linux-androideabi/lib/../lib/armv7-a] ==> dir [/home/xiaochen/android-ndk-r20/toolchains/llvm/prebuilt/linux-x86_64/bin/../lib/gcc/arm-linux-androideabi/4.9.x/../../../../arm-linux-androideabi/lib/../lib/armv7-a]
    arg [-L/home/xiaochen/android-ndk-r20/toolchains/llvm/prebuilt/linux-x86_64/bin/../sysroot/usr/lib/arm-linux-androideabi/21] ==> dir [/home/xiaochen/android-ndk-r20/toolchains/llvm/prebuilt/linux-x86_64/bin/../sysroot/usr/lib/arm-linux-androideabi/21]
    arg [-L/home/xiaochen/android-ndk-r20/toolchains/llvm/prebuilt/linux-x86_64/bin/../sysroot/usr/lib/arm-linux-androideabi] ==> dir [/home/xiaochen/android-ndk-r20/toolchains/llvm/prebuilt/linux-x86_64/bin/../sysroot/usr/lib/arm-linux-androideabi]
    arg [-L/home/xiaochen/android-ndk-r20/toolchains/llvm/prebuilt/linux-x86_64/bin/../sysroot/usr/lib/../lib] ==> dir [/home/xiaochen/android-ndk-r20/toolchains/llvm/prebuilt/linux-x86_64/bin/../sysroot/usr/lib/../lib]
    arg [-L/home/xiaochen/android-ndk-r20/toolchains/llvm/prebuilt/linux-x86_64/bin/../sysroot/usr/lib/arm-linux-androideabi/../../lib] ==> dir [/home/xiaochen/android-ndk-r20/toolchains/llvm/prebuilt/linux-x86_64/bin/../sysroot/usr/lib/arm-linux-androideabi/../../lib]
    arg [-L/home/xiaochen/android-ndk-r20/toolchains/llvm/prebuilt/linux-x86_64/bin/../lib/gcc/arm-linux-androideabi/4.9.x/../../../../arm-linux-androideabi/lib/armv7-a] ==> dir [/home/xiaochen/android-ndk-r20/toolchains/llvm/prebuilt/linux-x86_64/bin/../lib/gcc/arm-linux-androideabi/4.9.x/../../../../arm-linux-androideabi/lib/armv7-a]
    arg [-L/home/xiaochen/android-ndk-r20/toolchains/llvm/prebuilt/linux-x86_64/bin/../sysroot/usr/lib] ==> dir [/home/xiaochen/android-ndk-r20/toolchains/llvm/prebuilt/linux-x86_64/bin/../sysroot/usr/lib]
    arg [CMakeFiles/cmTC_c8651.dir/CMakeCCompilerABI.c.o] ==> ignore
    arg [-lgcc] ==> lib [gcc]
    arg [-ldl] ==> lib [dl]
    arg [-lc] ==> lib [c]
    arg [-lgcc] ==> lib [gcc]
    arg [-ldl] ==> lib [dl]
    arg [/home/xiaochen/android-ndk-r20/toolchains/llvm/prebuilt/linux-x86_64/bin/../sysroot/usr/lib/arm-linux-androideabi/21/crtend_android.o] ==> ignore
  collapse library dir [/home/xiaochen/android-ndk-r20/toolchains/llvm/prebuilt/linux-x86_64/lib64/clang/8.0.7/lib/linux/arm] ==> [/home/xiaochen/android-ndk-r20/toolchains/llvm/prebuilt/linux-x86_64/lib64/clang/8.0.7/lib/linux/arm]
  collapse library dir [/home/xiaochen/android-ndk-r20/toolchains/llvm/prebuilt/linux-x86_64/bin/../lib/gcc/arm-linux-androideabi/4.9.x/armv7-a] ==> [/home/xiaochen/android-ndk-r20/toolchains/llvm/prebuilt/linux-x86_64/lib/gcc/arm-linux-androideabi/4.9.x/armv7-a]
  collapse library dir [/home/xiaochen/android-ndk-r20/toolchains/llvm/prebuilt/linux-x86_64/bin/../lib/gcc/arm-linux-androideabi/4.9.x/../../../../arm-linux-androideabi/lib/../lib/armv7-a] ==> [/home/xiaochen/android-ndk-r20/toolchains/llvm/prebuilt/linux-x86_64/arm-linux-androideabi/lib/armv7-a]
  collapse library dir [/home/xiaochen/android-ndk-r20/toolchains/llvm/prebuilt/linux-x86_64/bin/../sysroot/usr/lib/arm-linux-androideabi/21] ==> [/home/xiaochen/android-ndk-r20/toolchains/llvm/prebuilt/linux-x86_64/sysroot/usr/lib/arm-linux-androideabi/21]
  collapse library dir [/home/xiaochen/android-ndk-r20/toolchains/llvm/prebuilt/linux-x86_64/bin/../sysroot/usr/lib/arm-linux-androideabi] ==> [/home/xiaochen/android-ndk-r20/toolchains/llvm/prebuilt/linux-x86_64/sysroot/usr/lib/arm-linux-androideabi]
  collapse library dir [/home/xiaochen/android-ndk-r20/toolchains/llvm/prebuilt/linux-x86_64/bin/../sysroot/usr/lib/../lib] ==> [/home/xiaochen/android-ndk-r20/toolchains/llvm/prebuilt/linux-x86_64/sysroot/usr/lib]
  collapse library dir [/home/xiaochen/android-ndk-r20/toolchains/llvm/prebuilt/linux-x86_64/bin/../sysroot/usr/lib/arm-linux-androideabi/../../lib] ==> [/home/xiaochen/android-ndk-r20/toolchains/llvm/prebuilt/linux-x86_64/sysroot/usr/lib]
  collapse library dir [/home/xiaochen/android-ndk-r20/toolchains/llvm/prebuilt/linux-x86_64/bin/../lib/gcc/arm-linux-androideabi/4.9.x/../../../../arm-linux-androideabi/lib/armv7-a] ==> [/home/xiaochen/android-ndk-r20/toolchains/llvm/prebuilt/linux-x86_64/arm-linux-androideabi/lib/armv7-a]
  collapse library dir [/home/xiaochen/android-ndk-r20/toolchains/llvm/prebuilt/linux-x86_64/bin/../sysroot/usr/lib] ==> [/home/xiaochen/android-ndk-r20/toolchains/llvm/prebuilt/linux-x86_64/sysroot/usr/lib]
  implicit libs: [gcc;dl;c;gcc;dl]
  implicit dirs: [/home/xiaochen/android-ndk-r20/toolchains/llvm/prebuilt/linux-x86_64/lib64/clang/8.0.7/lib/linux/arm;/home/xiaochen/android-ndk-r20/toolchains/llvm/prebuilt/linux-x86_64/lib/gcc/arm-linux-androideabi/4.9.x/armv7-a;/home/xiaochen/android-ndk-r20/toolchains/llvm/prebuilt/linux-x86_64/arm-linux-androideabi/lib/armv7-a;/home/xiaochen/android-ndk-r20/toolchains/llvm/prebuilt/linux-x86_64/sysroot/usr/lib/arm-linux-androideabi/21;/home/xiaochen/android-ndk-r20/toolchains/llvm/prebuilt/linux-x86_64/sysroot/usr/lib/arm-linux-androideabi;/home/xiaochen/android-ndk-r20/toolchains/llvm/prebuilt/linux-x86_64/sysroot/usr/lib]
  implicit fwks: []




Detecting C [-std=c11] compiler features compiled with the following output:
Change Dir: /home/xiaochen/android-build/freeimage-cmake/build/CMakeFiles/CMakeTmp

Run Build Command(s):/usr/bin/make cmTC_31fa6/fast 
/usr/bin/make -f CMakeFiles/cmTC_31fa6.dir/build.make CMakeFiles/cmTC_31fa6.dir/build
make[1]: Entering directory '/home/xiaochen/android-build/freeimage-cmake/build/CMakeFiles/CMakeTmp'
Building C object CMakeFiles/cmTC_31fa6.dir/feature_tests.c.o
/home/xiaochen/android-ndk-r20/toolchains/llvm/prebuilt/linux-x86_64/bin/armv7a-linux-androideabi21-clang   -std=c11 -o CMakeFiles/cmTC_31fa6.dir/feature_tests.c.o   -c /home/xiaochen/android-build/freeimage-cmake/build/CMakeFiles/feature_tests.c
Linking C executable cmTC_31fa6
/opt/cmake/bin/cmake -E cmake_link_script CMakeFiles/cmTC_31fa6.dir/link.txt --verbose=1
/home/xiaochen/android-ndk-r20/toolchains/llvm/prebuilt/linux-x86_64/bin/armv7a-linux-androideabi21-clang      -rdynamic CMakeFiles/cmTC_31fa6.dir/feature_tests.c.o  -o cmTC_31fa6 
make[1]: Leaving directory '/home/xiaochen/android-build/freeimage-cmake/build/CMakeFiles/CMakeTmp'


    Feature record: C_FEATURE:1c_function_prototypes
    Feature record: C_FEATURE:1c_restrict
    Feature record: C_FEATURE:1c_static_assert
    Feature record: C_FEATURE:1c_variadic_macros


Detecting C [-std=c99] compiler features compiled with the following output:
Change Dir: /home/xiaochen/android-build/freeimage-cmake/build/CMakeFiles/CMakeTmp

Run Build Command(s):/usr/bin/make cmTC_809a0/fast 
/usr/bin/make -f CMakeFiles/cmTC_809a0.dir/build.make CMakeFiles/cmTC_809a0.dir/build
make[1]: Entering directory '/home/xiaochen/android-build/freeimage-cmake/build/CMakeFiles/CMakeTmp'
Building C object CMakeFiles/cmTC_809a0.dir/feature_tests.c.o
/home/xiaochen/android-ndk-r20/toolchains/llvm/prebuilt/linux-x86_64/bin/armv7a-linux-androideabi21-clang   -std=c99 -o CMakeFiles/cmTC_809a0.dir/feature_tests.c.o   -c /home/xiaochen/android-build/freeimage-cmake/build/CMakeFiles/feature_tests.c
Linking C executable cmTC_809a0
/opt/cmake/bin/cmake -E cmake_link_script CMakeFiles/cmTC_809a0.dir/link.txt --verbose=1
/home/xiaochen/android-ndk-r20/toolchains/llvm/prebuilt/linux-x86_64/bin/armv7a-linux-androideabi21-clang      -rdynamic CMakeFiles/cmTC_809a0.dir/feature_tests.c.o  -o cmTC_809a0 
make[1]: Leaving directory '/home/xiaochen/android-build/freeimage-cmake/build/CMakeFiles/CMakeTmp'


    Feature record: C_FEATURE:1c_function_prototypes
    Feature record: C_FEATURE:1c_restrict
    Feature record: C_FEATURE:0c_static_assert
    Feature record: C_FEATURE:1c_variadic_macros


Detecting C [-std=c90] compiler features compiled with the following output:
Change Dir: /home/xiaochen/android-build/freeimage-cmake/build/CMakeFiles/CMakeTmp

Run Build Command(s):/usr/bin/make cmTC_9b8b9/fast 
/usr/bin/make -f CMakeFiles/cmTC_9b8b9.dir/build.make CMakeFiles/cmTC_9b8b9.dir/build
make[1]: Entering directory '/home/xiaochen/android-build/freeimage-cmake/build/CMakeFiles/CMakeTmp'
Building C object CMakeFiles/cmTC_9b8b9.dir/feature_tests.c.o
/home/xiaochen/android-ndk-r20/toolchains/llvm/prebuilt/linux-x86_64/bin/armv7a-linux-androideabi21-clang   -std=c90 -o CMakeFiles/cmTC_9b8b9.dir/feature_tests.c.o   -c /home/xiaochen/android-build/freeimage-cmake/build/CMakeFiles/feature_tests.c
Linking C executable cmTC_9b8b9
/opt/cmake/bin/cmake -E cmake_link_script CMakeFiles/cmTC_9b8b9.dir/link.txt --verbose=1
/home/xiaochen/android-ndk-r20/toolchains/llvm/prebuilt/linux-x86_64/bin/armv7a-linux-androideabi21-clang      -rdynamic CMakeFiles/cmTC_9b8b9.dir/feature_tests.c.o  -o cmTC_9b8b9 
make[1]: Leaving directory '/home/xiaochen/android-build/freeimage-cmake/build/CMakeFiles/CMakeTmp'


    Feature record: C_FEATURE:1c_function_prototypes
    Feature record: C_FEATURE:0c_restrict
    Feature record: C_FEATURE:0c_static_assert
    Feature record: C_FEATURE:0c_variadic_macros
Determining if the CXX compiler works passed with the following output:
Change Dir: /home/xiaochen/android-build/freeimage-cmake/build/CMakeFiles/CMakeTmp

Run Build Command(s):/usr/bin/make cmTC_39816/fast 
/usr/bin/make -f CMakeFiles/cmTC_39816.dir/build.make CMakeFiles/cmTC_39816.dir/build
make[1]: Entering directory '/home/xiaochen/android-build/freeimage-cmake/build/CMakeFiles/CMakeTmp'
Building CXX object CMakeFiles/cmTC_39816.dir/testCXXCompiler.cxx.o
/home/xiaochen/android-ndk-r20/toolchains/llvm/prebuilt/linux-x86_64/bin/armv7a-linux-androideabi21-clang++     -o CMakeFiles/cmTC_39816.dir/testCXXCompiler.cxx.o -c /home/xiaochen/android-build/freeimage-cmake/build/CMakeFiles/CMakeTmp/testCXXCompiler.cxx
Linking CXX executable cmTC_39816
/opt/cmake/bin/cmake -E cmake_link_script CMakeFiles/cmTC_39816.dir/link.txt --verbose=1
/home/xiaochen/android-ndk-r20/toolchains/llvm/prebuilt/linux-x86_64/bin/armv7a-linux-androideabi21-clang++       -rdynamic CMakeFiles/cmTC_39816.dir/testCXXCompiler.cxx.o  -o cmTC_39816 
make[1]: Leaving directory '/home/xiaochen/android-build/freeimage-cmake/build/CMakeFiles/CMakeTmp'


Detecting CXX compiler ABI info compiled with the following output:
Change Dir: /home/xiaochen/android-build/freeimage-cmake/build/CMakeFiles/CMakeTmp

Run Build Command(s):/usr/bin/make cmTC_c26f7/fast 
/usr/bin/make -f CMakeFiles/cmTC_c26f7.dir/build.make CMakeFiles/cmTC_c26f7.dir/build
make[1]: Entering directory '/home/xiaochen/android-build/freeimage-cmake/build/CMakeFiles/CMakeTmp'
Building CXX object CMakeFiles/cmTC_c26f7.dir/CMakeCXXCompilerABI.cpp.o
/home/xiaochen/android-ndk-r20/toolchains/llvm/prebuilt/linux-x86_64/bin/armv7a-linux-androideabi21-clang++    -v -o CMakeFiles/cmTC_c26f7.dir/CMakeCXXCompilerABI.cpp.o -c /opt/cmake/share/cmake-3.14/Modules/CMakeCXXCompilerABI.cpp
Android (5220042 based on r346389c) clang version 8.0.7 (https://android.googlesource.com/toolchain/clang b55f2d4ebfd35bf643d27dbca1bb228957008617) (https://android.googlesource.com/toolchain/llvm 3c393fe7a7e13b0fba4ac75a01aa683d7a5b11cd) (based on LLVM 8.0.7svn)
Target: armv7a-unknown-linux-android21
Thread model: posix
InstalledDir: /home/xiaochen/android-ndk-r20/toolchains/llvm/prebuilt/linux-x86_64/bin
Found candidate GCC installation: /home/xiaochen/android-ndk-r20/toolchains/llvm/prebuilt/linux-x86_64/bin/../lib/gcc/arm-linux-androideabi/4.9.x
Selected GCC installation: /home/xiaochen/android-ndk-r20/toolchains/llvm/prebuilt/linux-x86_64/bin/../lib/gcc/arm-linux-androideabi/4.9.x
Candidate multilib: thumb;@mthumb
Candidate multilib: armv7-a;@march=armv7-a
Candidate multilib: armv7-a/thumb;@march=armv7-a@mthumb
Candidate multilib: .;
Selected multilib: armv7-a;@march=armv7-a
 "/home/xiaochen/android-ndk-r20/toolchains/llvm/prebuilt/linux-x86_64/bin/clang++" -cc1 -triple armv7-unknown-linux-android21 -emit-obj -mrelax-all -disable-free -disable-llvm-verifier -discard-value-names -main-file-name CMakeCXXCompilerABI.cpp -mrelocation-model pic -pic-level 2 -pic-is-pie -mthread-model posix -mdisable-fp-elim -masm-verbose -mconstructor-aliases -fuse-init-array -target-cpu generic -target-feature +soft-float-abi -target-feature -fp-only-sp -target-feature +d16 -target-feature +vfp3 -target-feature -fp16 -target-feature -vfp4 -target-feature -fp-armv8 -target-feature -neon -target-feature -crypto -target-abi aapcs-linux -mfloat-abi soft -fallow-half-arguments-and-returns -dwarf-column-info -debugger-tuning=gdb -v -coverage-notes-file /home/xiaochen/android-build/freeimage-cmake/build/CMakeFiles/CMakeTmp/CMakeFiles/cmTC_c26f7.dir/CMakeCXXCompilerABI.cpp.gcno -resource-dir /home/xiaochen/android-ndk-r20/toolchains/llvm/prebuilt/linux-x86_64/lib64/clang/8.0.7 -internal-isystem /home/xiaochen/android-ndk-r20/toolchains/llvm/prebuilt/linux-x86_64/bin/../sysroot/usr/include/c++/v1 -internal-isystem /home/xiaochen/android-ndk-r20/toolchains/llvm/prebuilt/linux-x86_64/bin/../sysroot/usr/local/include -internal-isystem /home/xiaochen/android-ndk-r20/toolchains/llvm/prebuilt/linux-x86_64/lib64/clang/8.0.7/include -internal-externc-isystem /home/xiaochen/android-ndk-r20/toolchains/llvm/prebuilt/linux-x86_64/bin/../sysroot/usr/include/arm-linux-androideabi -internal-externc-isystem /home/xiaochen/android-ndk-r20/toolchains/llvm/prebuilt/linux-x86_64/bin/../sysroot/include -internal-externc-isystem /home/xiaochen/android-ndk-r20/toolchains/llvm/prebuilt/linux-x86_64/bin/../sysroot/usr/include -fdeprecated-macro -fdebug-compilation-dir /home/xiaochen/android-build/freeimage-cmake/build/CMakeFiles/CMakeTmp -ferror-limit 19 -fmessage-length 0 -fno-signed-char -fobjc-runtime=gcc -fcxx-exceptions -fexceptions -fdiagnostics-show-option -o CMakeFiles/cmTC_c26f7.dir/CMakeCXXCompilerABI.cpp.o -x c++ /opt/cmake/share/cmake-3.14/Modules/CMakeCXXCompilerABI.cpp
clang -cc1 version 8.0.7 based upon LLVM 8.0.7svn default target x86_64-unknown-linux-gnu
ignoring nonexistent directory "/home/xiaochen/android-ndk-r20/toolchains/llvm/prebuilt/linux-x86_64/bin/../sysroot/include"
#include "..." search starts here:
#include <...> search starts here:
 /home/xiaochen/android-ndk-r20/toolchains/llvm/prebuilt/linux-x86_64/bin/../sysroot/usr/include/c++/v1
 /home/xiaochen/android-ndk-r20/toolchains/llvm/prebuilt/linux-x86_64/bin/../sysroot/usr/local/include
 /home/xiaochen/android-ndk-r20/toolchains/llvm/prebuilt/linux-x86_64/lib64/clang/8.0.7/include
 /home/xiaochen/android-ndk-r20/toolchains/llvm/prebuilt/linux-x86_64/bin/../sysroot/usr/include/arm-linux-androideabi
 /home/xiaochen/android-ndk-r20/toolchains/llvm/prebuilt/linux-x86_64/bin/../sysroot/usr/include
End of search list.
Linking CXX executable cmTC_c26f7
/opt/cmake/bin/cmake -E cmake_link_script CMakeFiles/cmTC_c26f7.dir/link.txt --verbose=1
/home/xiaochen/android-ndk-r20/toolchains/llvm/prebuilt/linux-x86_64/bin/armv7a-linux-androideabi21-clang++      -v -rdynamic CMakeFiles/cmTC_c26f7.dir/CMakeCXXCompilerABI.cpp.o  -o cmTC_c26f7 
Android (5220042 based on r346389c) clang version 8.0.7 (https://android.googlesource.com/toolchain/clang b55f2d4ebfd35bf643d27dbca1bb228957008617) (https://android.googlesource.com/toolchain/llvm 3c393fe7a7e13b0fba4ac75a01aa683d7a5b11cd) (based on LLVM 8.0.7svn)
Target: armv7a-unknown-linux-android21
Thread model: posix
InstalledDir: /home/xiaochen/android-ndk-r20/toolchains/llvm/prebuilt/linux-x86_64/bin
Found candidate GCC installation: /home/xiaochen/android-ndk-r20/toolchains/llvm/prebuilt/linux-x86_64/bin/../lib/gcc/arm-linux-androideabi/4.9.x
Selected GCC installation: /home/xiaochen/android-ndk-r20/toolchains/llvm/prebuilt/linux-x86_64/bin/../lib/gcc/arm-linux-androideabi/4.9.x
Candidate multilib: thumb;@mthumb
Candidate multilib: armv7-a;@march=armv7-a
Candidate multilib: armv7-a/thumb;@march=armv7-a@mthumb
Candidate multilib: .;
Selected multilib: armv7-a;@march=armv7-a
 "/home/xiaochen/android-ndk-r20/toolchains/llvm/prebuilt/linux-x86_64/bin/../lib/gcc/arm-linux-androideabi/4.9.x/../../../../arm-linux-androideabi/bin/ld" -pie -export-dynamic -EL -z now -z relro -X --hash-style=gnu --hash-style=both --enable-new-dtags --eh-frame-hdr -m armelf_linux_eabi -export-dynamic -dynamic-linker /system/bin/linker -o cmTC_c26f7 /home/xiaochen/android-ndk-r20/toolchains/llvm/prebuilt/linux-x86_64/bin/../sysroot/usr/lib/arm-linux-androideabi/21/crtbegin_dynamic.o -L/home/xiaochen/android-ndk-r20/toolchains/llvm/prebuilt/linux-x86_64/lib64/clang/8.0.7/lib/linux/arm -L/home/xiaochen/android-ndk-r20/toolchains/llvm/prebuilt/linux-x86_64/bin/../lib/gcc/arm-linux-androideabi/4.9.x/armv7-a -L/home/xiaochen/android-ndk-r20/toolchains/llvm/prebuilt/linux-x86_64/bin/../lib/gcc/arm-linux-androideabi/4.9.x/../../../../arm-linux-androideabi/lib/../lib/armv7-a -L/home/xiaochen/android-ndk-r20/toolchains/llvm/prebuilt/linux-x86_64/bin/../sysroot/usr/lib/arm-linux-androideabi/21 -L/home/xiaochen/android-ndk-r20/toolchains/llvm/prebuilt/linux-x86_64/bin/../sysroot/usr/lib/arm-linux-androideabi -L/home/xiaochen/android-ndk-r20/toolchains/llvm/prebuilt/linux-x86_64/bin/../sysroot/usr/lib/../lib -L/home/xiaochen/android-ndk-r20/toolchains/llvm/prebuilt/linux-x86_64/bin/../sysroot/usr/lib/arm-linux-androideabi/../../lib -L/home/xiaochen/android-ndk-r20/toolchains/llvm/prebuilt/linux-x86_64/bin/../lib/gcc/arm-linux-androideabi/4.9.x/../../../../arm-linux-androideabi/lib/armv7-a -L/home/xiaochen/android-ndk-r20/toolchains/llvm/prebuilt/linux-x86_64/bin/../sysroot/usr/lib CMakeFiles/cmTC_c26f7.dir/CMakeCXXCompilerABI.cpp.o -lc++ -lm -lgcc -ldl -lc -lgcc -ldl /home/xiaochen/android-ndk-r20/toolchains/llvm/prebuilt/linux-x86_64/bin/../sysroot/usr/lib/arm-linux-androideabi/21/crtend_android.o
make[1]: Leaving directory '/home/xiaochen/android-build/freeimage-cmake/build/CMakeFiles/CMakeTmp'


Parsed CXX implicit include dir info from above output: rv=done
  found start of include info
  found start of implicit include info
    add: [/home/xiaochen/android-ndk-r20/toolchains/llvm/prebuilt/linux-x86_64/bin/../sysroot/usr/include/c++/v1]
    add: [/home/xiaochen/android-ndk-r20/toolchains/llvm/prebuilt/linux-x86_64/bin/../sysroot/usr/local/include]
    add: [/home/xiaochen/android-ndk-r20/toolchains/llvm/prebuilt/linux-x86_64/lib64/clang/8.0.7/include]
    add: [/home/xiaochen/android-ndk-r20/toolchains/llvm/prebuilt/linux-x86_64/bin/../sysroot/usr/include/arm-linux-androideabi]
    add: [/home/xiaochen/android-ndk-r20/toolchains/llvm/prebuilt/linux-x86_64/bin/../sysroot/usr/include]
  end of search list found
  collapse include dir [/home/xiaochen/android-ndk-r20/toolchains/llvm/prebuilt/linux-x86_64/bin/../sysroot/usr/include/c++/v1] ==> [/home/xiaochen/android-ndk-r20/toolchains/llvm/prebuilt/linux-x86_64/sysroot/usr/include/c++/v1]
  collapse include dir [/home/xiaochen/android-ndk-r20/toolchains/llvm/prebuilt/linux-x86_64/bin/../sysroot/usr/local/include] ==> [/home/xiaochen/android-ndk-r20/toolchains/llvm/prebuilt/linux-x86_64/sysroot/usr/local/include]
  collapse include dir [/home/xiaochen/android-ndk-r20/toolchains/llvm/prebuilt/linux-x86_64/lib64/clang/8.0.7/include] ==> [/home/xiaochen/android-ndk-r20/toolchains/llvm/prebuilt/linux-x86_64/lib64/clang/8.0.7/include]
  collapse include dir [/home/xiaochen/android-ndk-r20/toolchains/llvm/prebuilt/linux-x86_64/bin/../sysroot/usr/include/arm-linux-androideabi] ==> [/home/xiaochen/android-ndk-r20/toolchains/llvm/prebuilt/linux-x86_64/sysroot/usr/include/arm-linux-androideabi]
  collapse include dir [/home/xiaochen/android-ndk-r20/toolchains/llvm/prebuilt/linux-x86_64/bin/../sysroot/usr/include] ==> [/home/xiaochen/android-ndk-r20/toolchains/llvm/prebuilt/linux-x86_64/sysroot/usr/include]
  implicit include dirs: [/home/xiaochen/android-ndk-r20/toolchains/llvm/prebuilt/linux-x86_64/sysroot/usr/include/c++/v1;/home/xiaochen/android-ndk-r20/toolchains/llvm/prebuilt/linux-x86_64/sysroot/usr/local/include;/home/xiaochen/android-ndk-r20/toolchains/llvm/prebuilt/linux-x86_64/lib64/clang/8.0.7/include;/home/xiaochen/android-ndk-r20/toolchains/llvm/prebuilt/linux-x86_64/sysroot/usr/include/arm-linux-androideabi;/home/xiaochen/android-ndk-r20/toolchains/llvm/prebuilt/linux-x86_64/sysroot/usr/include]


Parsed CXX implicit link information from above output:
  link line regex: [^( *|.*[/\])(ld|CMAKE_LINK_STARTFILE-NOTFOUND|([^/\]+-)?ld|collect2)[^/\]*( |$)]
  ignore line: [Change Dir: /home/xiaochen/android-build/freeimage-cmake/build/CMakeFiles/CMakeTmp]
  ignore line: []
  ignore line: [Run Build Command(s):/usr/bin/make cmTC_c26f7/fast ]
  ignore line: [/usr/bin/make -f CMakeFiles/cmTC_c26f7.dir/build.make CMakeFiles/cmTC_c26f7.dir/build]
  ignore line: [make[1]: Entering directory '/home/xiaochen/android-build/freeimage-cmake/build/CMakeFiles/CMakeTmp']
  ignore line: [Building CXX object CMakeFiles/cmTC_c26f7.dir/CMakeCXXCompilerABI.cpp.o]
  ignore line: [/home/xiaochen/android-ndk-r20/toolchains/llvm/prebuilt/linux-x86_64/bin/armv7a-linux-androideabi21-clang++    -v -o CMakeFiles/cmTC_c26f7.dir/CMakeCXXCompilerABI.cpp.o -c /opt/cmake/share/cmake-3.14/Modules/CMakeCXXCompilerABI.cpp]
  ignore line: [Android (5220042 based on r346389c) clang version 8.0.7 (https://android.googlesource.com/toolchain/clang b55f2d4ebfd35bf643d27dbca1bb228957008617) (https://android.googlesource.com/toolchain/llvm 3c393fe7a7e13b0fba4ac75a01aa683d7a5b11cd) (based on LLVM 8.0.7svn)]
  ignore line: [Target: armv7a-unknown-linux-android21]
  ignore line: [Thread model: posix]
  ignore line: [InstalledDir: /home/xiaochen/android-ndk-r20/toolchains/llvm/prebuilt/linux-x86_64/bin]
  ignore line: [Found candidate GCC installation: /home/xiaochen/android-ndk-r20/toolchains/llvm/prebuilt/linux-x86_64/bin/../lib/gcc/arm-linux-androideabi/4.9.x]
  ignore line: [Selected GCC installation: /home/xiaochen/android-ndk-r20/toolchains/llvm/prebuilt/linux-x86_64/bin/../lib/gcc/arm-linux-androideabi/4.9.x]
  ignore line: [Candidate multilib: thumb]
  ignore line: [@mthumb]
  ignore line: [Candidate multilib: armv7-a]
  ignore line: [@march=armv7-a]
  ignore line: [Candidate multilib: armv7-a/thumb]
  ignore line: [@march=armv7-a@mthumb]
  ignore line: [Candidate multilib: .]
  ignore line: []
  ignore line: [Selected multilib: armv7-a]
  ignore line: [@march=armv7-a]
  ignore line: [ "/home/xiaochen/android-ndk-r20/toolchains/llvm/prebuilt/linux-x86_64/bin/clang++" -cc1 -triple armv7-unknown-linux-android21 -emit-obj -mrelax-all -disable-free -disable-llvm-verifier -discard-value-names -main-file-name CMakeCXXCompilerABI.cpp -mrelocation-model pic -pic-level 2 -pic-is-pie -mthread-model posix -mdisable-fp-elim -masm-verbose -mconstructor-aliases -fuse-init-array -target-cpu generic -target-feature +soft-float-abi -target-feature -fp-only-sp -target-feature +d16 -target-feature +vfp3 -target-feature -fp16 -target-feature -vfp4 -target-feature -fp-armv8 -target-feature -neon -target-feature -crypto -target-abi aapcs-linux -mfloat-abi soft -fallow-half-arguments-and-returns -dwarf-column-info -debugger-tuning=gdb -v -coverage-notes-file /home/xiaochen/android-build/freeimage-cmake/build/CMakeFiles/CMakeTmp/CMakeFiles/cmTC_c26f7.dir/CMakeCXXCompilerABI.cpp.gcno -resource-dir /home/xiaochen/android-ndk-r20/toolchains/llvm/prebuilt/linux-x86_64/lib64/clang/8.0.7 -internal-isystem /home/xiaochen/android-ndk-r20/toolchains/llvm/prebuilt/linux-x86_64/bin/../sysroot/usr/include/c++/v1 -internal-isystem /home/xiaochen/android-ndk-r20/toolchains/llvm/prebuilt/linux-x86_64/bin/../sysroot/usr/local/include -internal-isystem /home/xiaochen/android-ndk-r20/toolchains/llvm/prebuilt/linux-x86_64/lib64/clang/8.0.7/include -internal-externc-isystem /home/xiaochen/android-ndk-r20/toolchains/llvm/prebuilt/linux-x86_64/bin/../sysroot/usr/include/arm-linux-androideabi -internal-externc-isystem /home/xiaochen/android-ndk-r20/toolchains/llvm/prebuilt/linux-x86_64/bin/../sysroot/include -internal-externc-isystem /home/xiaochen/android-ndk-r20/toolchains/llvm/prebuilt/linux-x86_64/bin/../sysroot/usr/include -fdeprecated-macro -fdebug-compilation-dir /home/xiaochen/android-build/freeimage-cmake/build/CMakeFiles/CMakeTmp -ferror-limit 19 -fmessage-length 0 -fno-signed-char -fobjc-runtime=gcc -fcxx-exceptions -fexceptions -fdiagnostics-show-option -o CMakeFiles/cmTC_c26f7.dir/CMakeCXXCompilerABI.cpp.o -x c++ /opt/cmake/share/cmake-3.14/Modules/CMakeCXXCompilerABI.cpp]
  ignore line: [clang -cc1 version 8.0.7 based upon LLVM 8.0.7svn default target x86_64-unknown-linux-gnu]
  ignore line: [ignoring nonexistent directory "/home/xiaochen/android-ndk-r20/toolchains/llvm/prebuilt/linux-x86_64/bin/../sysroot/include"]
  ignore line: [#include "..." search starts here:]
  ignore line: [#include <...> search starts here:]
  ignore line: [ /home/xiaochen/android-ndk-r20/toolchains/llvm/prebuilt/linux-x86_64/bin/../sysroot/usr/include/c++/v1]
  ignore line: [ /home/xiaochen/android-ndk-r20/toolchains/llvm/prebuilt/linux-x86_64/bin/../sysroot/usr/local/include]
  ignore line: [ /home/xiaochen/android-ndk-r20/toolchains/llvm/prebuilt/linux-x86_64/lib64/clang/8.0.7/include]
  ignore line: [ /home/xiaochen/android-ndk-r20/toolchains/llvm/prebuilt/linux-x86_64/bin/../sysroot/usr/include/arm-linux-androideabi]
  ignore line: [ /home/xiaochen/android-ndk-r20/toolchains/llvm/prebuilt/linux-x86_64/bin/../sysroot/usr/include]
  ignore line: [End of search list.]
  ignore line: [Linking CXX executable cmTC_c26f7]
  ignore line: [/opt/cmake/bin/cmake -E cmake_link_script CMakeFiles/cmTC_c26f7.dir/link.txt --verbose=1]
  ignore line: [/home/xiaochen/android-ndk-r20/toolchains/llvm/prebuilt/linux-x86_64/bin/armv7a-linux-androideabi21-clang++      -v -rdynamic CMakeFiles/cmTC_c26f7.dir/CMakeCXXCompilerABI.cpp.o  -o cmTC_c26f7 ]
  ignore line: [Android (5220042 based on r346389c) clang version 8.0.7 (https://android.googlesource.com/toolchain/clang b55f2d4ebfd35bf643d27dbca1bb228957008617) (https://android.googlesource.com/toolchain/llvm 3c393fe7a7e13b0fba4ac75a01aa683d7a5b11cd) (based on LLVM 8.0.7svn)]
  ignore line: [Target: armv7a-unknown-linux-android21]
  ignore line: [Thread model: posix]
  ignore line: [InstalledDir: /home/xiaochen/android-ndk-r20/toolchains/llvm/prebuilt/linux-x86_64/bin]
  ignore line: [Found candidate GCC installation: /home/xiaochen/android-ndk-r20/toolchains/llvm/prebuilt/linux-x86_64/bin/../lib/gcc/arm-linux-androideabi/4.9.x]
  ignore line: [Selected GCC installation: /home/xiaochen/android-ndk-r20/toolchains/llvm/prebuilt/linux-x86_64/bin/../lib/gcc/arm-linux-androideabi/4.9.x]
  ignore line: [Candidate multilib: thumb]
  ignore line: [@mthumb]
  ignore line: [Candidate multilib: armv7-a]
  ignore line: [@march=armv7-a]
  ignore line: [Candidate multilib: armv7-a/thumb]
  ignore line: [@march=armv7-a@mthumb]
  ignore line: [Candidate multilib: .]
  ignore line: []
  ignore line: [Selected multilib: armv7-a]
  ignore line: [@march=armv7-a]
  link line: [ "/home/xiaochen/android-ndk-r20/toolchains/llvm/prebuilt/linux-x86_64/bin/../lib/gcc/arm-linux-androideabi/4.9.x/../../../../arm-linux-androideabi/bin/ld" -pie -export-dynamic -EL -z now -z relro -X --hash-style=gnu --hash-style=both --enable-new-dtags --eh-frame-hdr -m armelf_linux_eabi -export-dynamic -dynamic-linker /system/bin/linker -o cmTC_c26f7 /home/xiaochen/android-ndk-r20/toolchains/llvm/prebuilt/linux-x86_64/bin/../sysroot/usr/lib/arm-linux-androideabi/21/crtbegin_dynamic.o -L/home/xiaochen/android-ndk-r20/toolchains/llvm/prebuilt/linux-x86_64/lib64/clang/8.0.7/lib/linux/arm -L/home/xiaochen/android-ndk-r20/toolchains/llvm/prebuilt/linux-x86_64/bin/../lib/gcc/arm-linux-androideabi/4.9.x/armv7-a -L/home/xiaochen/android-ndk-r20/toolchains/llvm/prebuilt/linux-x86_64/bin/../lib/gcc/arm-linux-androideabi/4.9.x/../../../../arm-linux-androideabi/lib/../lib/armv7-a -L/home/xiaochen/android-ndk-r20/toolchains/llvm/prebuilt/linux-x86_64/bin/../sysroot/usr/lib/arm-linux-androideabi/21 -L/home/xiaochen/android-ndk-r20/toolchains/llvm/prebuilt/linux-x86_64/bin/../sysroot/usr/lib/arm-linux-androideabi -L/home/xiaochen/android-ndk-r20/toolchains/llvm/prebuilt/linux-x86_64/bin/../sysroot/usr/lib/../lib -L/home/xiaochen/android-ndk-r20/toolchains/llvm/prebuilt/linux-x86_64/bin/../sysroot/usr/lib/arm-linux-androideabi/../../lib -L/home/xiaochen/android-ndk-r20/toolchains/llvm/prebuilt/linux-x86_64/bin/../lib/gcc/arm-linux-androideabi/4.9.x/../../../../arm-linux-androideabi/lib/armv7-a -L/home/xiaochen/android-ndk-r20/toolchains/llvm/prebuilt/linux-x86_64/bin/../sysroot/usr/lib CMakeFiles/cmTC_c26f7.dir/CMakeCXXCompilerABI.cpp.o -lc++ -lm -lgcc -ldl -lc -lgcc -ldl /home/xiaochen/android-ndk-r20/toolchains/llvm/prebuilt/linux-x86_64/bin/../sysroot/usr/lib/arm-linux-androideabi/21/crtend_android.o]
    arg [/home/xiaochen/android-ndk-r20/toolchains/llvm/prebuilt/linux-x86_64/bin/../lib/gcc/arm-linux-androideabi/4.9.x/../../../../arm-linux-androideabi/bin/ld] ==> ignore
    arg [-pie] ==> ignore
    arg [-export-dynamic] ==> ignore
    arg [-EL] ==> ignore
    arg [-znow] ==> ignore
    arg [-zrelro] ==> ignore
    arg [-X] ==> ignore
    arg [--hash-style=gnu] ==> ignore
    arg [--hash-style=both] ==> ignore
    arg [--enable-new-dtags] ==> ignore
    arg [--eh-frame-hdr] ==> ignore
    arg [-m] ==> ignore
    arg [armelf_linux_eabi] ==> ignore
    arg [-export-dynamic] ==> ignore
    arg [-dynamic-linker] ==> ignore
    arg [/system/bin/linker] ==> ignore
    arg [-o] ==> ignore
    arg [cmTC_c26f7] ==> ignore
    arg [/home/xiaochen/android-ndk-r20/toolchains/llvm/prebuilt/linux-x86_64/bin/../sysroot/usr/lib/arm-linux-androideabi/21/crtbegin_dynamic.o] ==> ignore
    arg [-L/home/xiaochen/android-ndk-r20/toolchains/llvm/prebuilt/linux-x86_64/lib64/clang/8.0.7/lib/linux/arm] ==> dir [/home/xiaochen/android-ndk-r20/toolchains/llvm/prebuilt/linux-x86_64/lib64/clang/8.0.7/lib/linux/arm]
    arg [-L/home/xiaochen/android-ndk-r20/toolchains/llvm/prebuilt/linux-x86_64/bin/../lib/gcc/arm-linux-androideabi/4.9.x/armv7-a] ==> dir [/home/xiaochen/android-ndk-r20/toolchains/llvm/prebuilt/linux-x86_64/bin/../lib/gcc/arm-linux-androideabi/4.9.x/armv7-a]
    arg [-L/home/xiaochen/android-ndk-r20/toolchains/llvm/prebuilt/linux-x86_64/bin/../lib/gcc/arm-linux-androideabi/4.9.x/../../../../arm-linux-androideabi/lib/../lib/armv7-a] ==> dir [/home/xiaochen/android-ndk-r20/toolchains/llvm/prebuilt/linux-x86_64/bin/../lib/gcc/arm-linux-androideabi/4.9.x/../../../../arm-linux-androideabi/lib/../lib/armv7-a]
    arg [-L/home/xiaochen/android-ndk-r20/toolchains/llvm/prebuilt/linux-x86_64/bin/../sysroot/usr/lib/arm-linux-androideabi/21] ==> dir [/home/xiaochen/android-ndk-r20/toolchains/llvm/prebuilt/linux-x86_64/bin/../sysroot/usr/lib/arm-linux-androideabi/21]
    arg [-L/home/xiaochen/android-ndk-r20/toolchains/llvm/prebuilt/linux-x86_64/bin/../sysroot/usr/lib/arm-linux-androideabi] ==> dir [/home/xiaochen/android-ndk-r20/toolchains/llvm/prebuilt/linux-x86_64/bin/../sysroot/usr/lib/arm-linux-androideabi]
    arg [-L/home/xiaochen/android-ndk-r20/toolchains/llvm/prebuilt/linux-x86_64/bin/../sysroot/usr/lib/../lib] ==> dir [/home/xiaochen/android-ndk-r20/toolchains/llvm/prebuilt/linux-x86_64/bin/../sysroot/usr/lib/../lib]
    arg [-L/home/xiaochen/android-ndk-r20/toolchains/llvm/prebuilt/linux-x86_64/bin/../sysroot/usr/lib/arm-linux-androideabi/../../lib] ==> dir [/home/xiaochen/android-ndk-r20/toolchains/llvm/prebuilt/linux-x86_64/bin/../sysroot/usr/lib/arm-linux-androideabi/../../lib]
    arg [-L/home/xiaochen/android-ndk-r20/toolchains/llvm/prebuilt/linux-x86_64/bin/../lib/gcc/arm-linux-androideabi/4.9.x/../../../../arm-linux-androideabi/lib/armv7-a] ==> dir [/home/xiaochen/android-ndk-r20/toolchains/llvm/prebuilt/linux-x86_64/bin/../lib/gcc/arm-linux-androideabi/4.9.x/../../../../arm-linux-androideabi/lib/armv7-a]
    arg [-L/home/xiaochen/android-ndk-r20/toolchains/llvm/prebuilt/linux-x86_64/bin/../sysroot/usr/lib] ==> dir [/home/xiaochen/android-ndk-r20/toolchains/llvm/prebuilt/linux-x86_64/bin/../sysroot/usr/lib]
    arg [CMakeFiles/cmTC_c26f7.dir/CMakeCXXCompilerABI.cpp.o] ==> ignore
    arg [-lc++] ==> lib [c++]
    arg [-lm] ==> lib [m]
    arg [-lgcc] ==> lib [gcc]
    arg [-ldl] ==> lib [dl]
    arg [-lc] ==> lib [c]
    arg [-lgcc] ==> lib [gcc]
    arg [-ldl] ==> lib [dl]
    arg [/home/xiaochen/android-ndk-r20/toolchains/llvm/prebuilt/linux-x86_64/bin/../sysroot/usr/lib/arm-linux-androideabi/21/crtend_android.o] ==> ignore
  collapse library dir [/home/xiaochen/android-ndk-r20/toolchains/llvm/prebuilt/linux-x86_64/lib64/clang/8.0.7/lib/linux/arm] ==> [/home/xiaochen/android-ndk-r20/toolchains/llvm/prebuilt/linux-x86_64/lib64/clang/8.0.7/lib/linux/arm]
  collapse library dir [/home/xiaochen/android-ndk-r20/toolchains/llvm/prebuilt/linux-x86_64/bin/../lib/gcc/arm-linux-androideabi/4.9.x/armv7-a] ==> [/home/xiaochen/android-ndk-r20/toolchains/llvm/prebuilt/linux-x86_64/lib/gcc/arm-linux-androideabi/4.9.x/armv7-a]
  collapse library dir [/home/xiaochen/android-ndk-r20/toolchains/llvm/prebuilt/linux-x86_64/bin/../lib/gcc/arm-linux-androideabi/4.9.x/../../../../arm-linux-androideabi/lib/../lib/armv7-a] ==> [/home/xiaochen/android-ndk-r20/toolchains/llvm/prebuilt/linux-x86_64/arm-linux-androideabi/lib/armv7-a]
  collapse library dir [/home/xiaochen/android-ndk-r20/toolchains/llvm/prebuilt/linux-x86_64/bin/../sysroot/usr/lib/arm-linux-androideabi/21] ==> [/home/xiaochen/android-ndk-r20/toolchains/llvm/prebuilt/linux-x86_64/sysroot/usr/lib/arm-linux-androideabi/21]
  collapse library dir [/home/xiaochen/android-ndk-r20/toolchains/llvm/prebuilt/linux-x86_64/bin/../sysroot/usr/lib/arm-linux-androideabi] ==> [/home/xiaochen/android-ndk-r20/toolchains/llvm/prebuilt/linux-x86_64/sysroot/usr/lib/arm-linux-androideabi]
  collapse library dir [/home/xiaochen/android-ndk-r20/toolchains/llvm/prebuilt/linux-x86_64/bin/../sysroot/usr/lib/../lib] ==> [/home/xiaochen/android-ndk-r20/toolchains/llvm/prebuilt/linux-x86_64/sysroot/usr/lib]
  collapse library dir [/home/xiaochen/android-ndk-r20/toolchains/llvm/prebuilt/linux-x86_64/bin/../sysroot/usr/lib/arm-linux-androideabi/../../lib] ==> [/home/xiaochen/android-ndk-r20/toolchains/llvm/prebuilt/linux-x86_64/sysroot/usr/lib]
  collapse library dir [/home/xiaochen/android-ndk-r20/toolchains/llvm/prebuilt/linux-x86_64/bin/../lib/gcc/arm-linux-androideabi/4.9.x/../../../../arm-linux-androideabi/lib/armv7-a] ==> [/home/xiaochen/android-ndk-r20/toolchains/llvm/prebuilt/linux-x86_64/arm-linux-androideabi/lib/armv7-a]
  collapse library dir [/home/xiaochen/android-ndk-r20/toolchains/llvm/prebuilt/linux-x86_64/bin/../sysroot/usr/lib] ==> [/home/xiaochen/android-ndk-r20/toolchains/llvm/prebuilt/linux-x86_64/sysroot/usr/lib]
  implicit libs: [c++;m;gcc;dl;c;gcc;dl]
  implicit dirs: [/home/xiaochen/android-ndk-r20/toolchains/llvm/prebuilt/linux-x86_64/lib64/clang/8.0.7/lib/linux/arm;/home/xiaochen/android-ndk-r20/toolchains/llvm/prebuilt/linux-x86_64/lib/gcc/arm-linux-androideabi/4.9.x/armv7-a;/home/xiaochen/android-ndk-r20/toolchains/llvm/prebuilt/linux-x86_64/arm-linux-androideabi/lib/armv7-a;/home/xiaochen/android-ndk-r20/toolchains/llvm/prebuilt/linux-x86_64/sysroot/usr/lib/arm-linux-androideabi/21;/home/xiaochen/android-ndk-r20/toolchains/llvm/prebuilt/linux-x86_64/sysroot/usr/lib/arm-linux-androideabi;/home/xiaochen/android-ndk-r20/toolchains/llvm/prebuilt/linux-x86_64/sysroot/usr/lib]
  implicit fwks: []




Detecting CXX [-std=c++2a] compiler features compiled with the following output:
Change Dir: /home/xiaochen/android-build/freeimage-cmake/build/CMakeFiles/CMakeTmp

Run Build Command(s):/usr/bin/make cmTC_5dffa/fast 
/usr/bin/make -f CMakeFiles/cmTC_5dffa.dir/build.make CMakeFiles/cmTC_5dffa.dir/build
make[1]: Entering directory '/home/xiaochen/android-build/freeimage-cmake/build/CMakeFiles/CMakeTmp'
Building CXX object CMakeFiles/cmTC_5dffa.dir/feature_tests.cxx.o
/home/xiaochen/android-ndk-r20/toolchains/llvm/prebuilt/linux-x86_64/bin/armv7a-linux-androideabi21-clang++    -std=c++2a -o CMakeFiles/cmTC_5dffa.dir/feature_tests.cxx.o -c /home/xiaochen/android-build/freeimage-cmake/build/CMakeFiles/feature_tests.cxx
Linking CXX executable cmTC_5dffa
/opt/cmake/bin/cmake -E cmake_link_script CMakeFiles/cmTC_5dffa.dir/link.txt --verbose=1
/home/xiaochen/android-ndk-r20/toolchains/llvm/prebuilt/linux-x86_64/bin/armv7a-linux-androideabi21-clang++       -rdynamic CMakeFiles/cmTC_5dffa.dir/feature_tests.cxx.o  -o cmTC_5dffa 
make[1]: Leaving directory '/home/xiaochen/android-build/freeimage-cmake/build/CMakeFiles/CMakeTmp'


    Feature record: CXX_FEATURE:1cxx_aggregate_default_initializers
    Feature record: CXX_FEATURE:1cxx_alias_templates
    Feature record: CXX_FEATURE:1cxx_alignas
    Feature record: CXX_FEATURE:1cxx_alignof
    Feature record: CXX_FEATURE:1cxx_attributes
    Feature record: CXX_FEATURE:1cxx_attribute_deprecated
    Feature record: CXX_FEATURE:1cxx_auto_type
    Feature record: CXX_FEATURE:1cxx_binary_literals
    Feature record: CXX_FEATURE:1cxx_constexpr
    Feature record: CXX_FEATURE:1cxx_contextual_conversions
    Feature record: CXX_FEATURE:1cxx_decltype
    Feature record: CXX_FEATURE:1cxx_decltype_auto
    Feature record: CXX_FEATURE:1cxx_decltype_incomplete_return_types
    Feature record: CXX_FEATURE:1cxx_default_function_template_args
    Feature record: CXX_FEATURE:1cxx_defaulted_functions
    Feature record: CXX_FEATURE:1cxx_defaulted_move_initializers
    Feature record: CXX_FEATURE:1cxx_delegating_constructors
    Feature record: CXX_FEATURE:1cxx_deleted_functions
    Feature record: CXX_FEATURE:1cxx_digit_separators
    Feature record: CXX_FEATURE:1cxx_enum_forward_declarations
    Feature record: CXX_FEATURE:1cxx_explicit_conversions
    Feature record: CXX_FEATURE:1cxx_extended_friend_declarations
    Feature record: CXX_FEATURE:1cxx_extern_templates
    Feature record: CXX_FEATURE:1cxx_final
    Feature record: CXX_FEATURE:1cxx_func_identifier
    Feature record: CXX_FEATURE:1cxx_generalized_initializers
    Feature record: CXX_FEATURE:1cxx_generic_lambdas
    Feature record: CXX_FEATURE:1cxx_inheriting_constructors
    Feature record: CXX_FEATURE:1cxx_inline_namespaces
    Feature record: CXX_FEATURE:1cxx_lambdas
    Feature record: CXX_FEATURE:1cxx_lambda_init_captures
    Feature record: CXX_FEATURE:1cxx_local_type_template_args
    Feature record: CXX_FEATURE:1cxx_long_long_type
    Feature record: CXX_FEATURE:1cxx_noexcept
    Feature record: CXX_FEATURE:1cxx_nonstatic_member_init
    Feature record: CXX_FEATURE:1cxx_nullptr
    Feature record: CXX_FEATURE:1cxx_override
    Feature record: CXX_FEATURE:1cxx_range_for
    Feature record: CXX_FEATURE:1cxx_raw_string_literals
    Feature record: CXX_FEATURE:1cxx_reference_qualified_functions
    Feature record: CXX_FEATURE:1cxx_relaxed_constexpr
    Feature record: CXX_FEATURE:1cxx_return_type_deduction
    Feature record: CXX_FEATURE:1cxx_right_angle_brackets
    Feature record: CXX_FEATURE:1cxx_rvalue_references
    Feature record: CXX_FEATURE:1cxx_sizeof_member
    Feature record: CXX_FEATURE:1cxx_static_assert
    Feature record: CXX_FEATURE:1cxx_strong_enums
    Feature record: CXX_FEATURE:1cxx_template_template_parameters
    Feature record: CXX_FEATURE:1cxx_thread_local
    Feature record: CXX_FEATURE:1cxx_trailing_return_types
    Feature record: CXX_FEATURE:1cxx_unicode_literals
    Feature record: CXX_FEATURE:1cxx_uniform_initialization
    Feature record: CXX_FEATURE:1cxx_unrestricted_unions
    Feature record: CXX_FEATURE:1cxx_user_literals
    Feature record: CXX_FEATURE:1cxx_variable_templates
    Feature record: CXX_FEATURE:1cxx_variadic_macros
    Feature record: CXX_FEATURE:1cxx_variadic_templates


Detecting CXX [-std=c++17] compiler features compiled with the following output:
Change Dir: /home/xiaochen/android-build/freeimage-cmake/build/CMakeFiles/CMakeTmp

Run Build Command(s):/usr/bin/make cmTC_ba4fe/fast 
/usr/bin/make -f CMakeFiles/cmTC_ba4fe.dir/build.make CMakeFiles/cmTC_ba4fe.dir/build
make[1]: Entering directory '/home/xiaochen/android-build/freeimage-cmake/build/CMakeFiles/CMakeTmp'
Building CXX object CMakeFiles/cmTC_ba4fe.dir/feature_tests.cxx.o
/home/xiaochen/android-ndk-r20/toolchains/llvm/prebuilt/linux-x86_64/bin/armv7a-linux-androideabi21-clang++    -std=c++17 -o CMakeFiles/cmTC_ba4fe.dir/feature_tests.cxx.o -c /home/xiaochen/android-build/freeimage-cmake/build/CMakeFiles/feature_tests.cxx
Linking CXX executable cmTC_ba4fe
/opt/cmake/bin/cmake -E cmake_link_script CMakeFiles/cmTC_ba4fe.dir/link.txt --verbose=1
/home/xiaochen/android-ndk-r20/toolchains/llvm/prebuilt/linux-x86_64/bin/armv7a-linux-androideabi21-clang++       -rdynamic CMakeFiles/cmTC_ba4fe.dir/feature_tests.cxx.o  -o cmTC_ba4fe 
make[1]: Leaving directory '/home/xiaochen/android-build/freeimage-cmake/build/CMakeFiles/CMakeTmp'


    Feature record: CXX_FEATURE:1cxx_aggregate_default_initializers
    Feature record: CXX_FEATURE:1cxx_alias_templates
    Feature record: CXX_FEATURE:1cxx_alignas
    Feature record: CXX_FEATURE:1cxx_alignof
    Feature record: CXX_FEATURE:1cxx_attributes
    Feature record: CXX_FEATURE:1cxx_attribute_deprecated
    Feature record: CXX_FEATURE:1cxx_auto_type
    Feature record: CXX_FEATURE:1cxx_binary_literals
    Feature record: CXX_FEATURE:1cxx_constexpr
    Feature record: CXX_FEATURE:1cxx_contextual_conversions
    Feature record: CXX_FEATURE:1cxx_decltype
    Feature record: CXX_FEATURE:1cxx_decltype_auto
    Feature record: CXX_FEATURE:1cxx_decltype_incomplete_return_types
    Feature record: CXX_FEATURE:1cxx_default_function_template_args
    Feature record: CXX_FEATURE:1cxx_defaulted_functions
    Feature record: CXX_FEATURE:1cxx_defaulted_move_initializers
    Feature record: CXX_FEATURE:1cxx_delegating_constructors
    Feature record: CXX_FEATURE:1cxx_deleted_functions
    Feature record: CXX_FEATURE:1cxx_digit_separators
    Feature record: CXX_FEATURE:1cxx_enum_forward_declarations
    Feature record: CXX_FEATURE:1cxx_explicit_conversions
    Feature record: CXX_FEATURE:1cxx_extended_friend_declarations
    Feature record: CXX_FEATURE:1cxx_extern_templates
    Feature record: CXX_FEATURE:1cxx_final
    Feature record: CXX_FEATURE:1cxx_func_identifier
    Feature record: CXX_FEATURE:1cxx_generalized_initializers
    Feature record: CXX_FEATURE:1cxx_generic_lambdas
    Feature record: CXX_FEATURE:1cxx_inheriting_constructors
    Feature record: CXX_FEATURE:1cxx_inline_namespaces
    Feature record: CXX_FEATURE:1cxx_lambdas
    Feature record: CXX_FEATURE:1cxx_lambda_init_captures
    Feature record: CXX_FEATURE:1cxx_local_type_template_args
    Feature record: CXX_FEATURE:1cxx_long_long_type
    Feature record: CXX_FEATURE:1cxx_noexcept
    Feature record: CXX_FEATURE:1cxx_nonstatic_member_init
    Feature record: CXX_FEATURE:1cxx_nullptr
    Feature record: CXX_FEATURE:1cxx_override
    Feature record: CXX_FEATURE:1cxx_range_for
    Feature record: CXX_FEATURE:1cxx_raw_string_literals
    Feature record: CXX_FEATURE:1cxx_reference_qualified_functions
    Feature record: CXX_FEATURE:1cxx_relaxed_constexpr
    Feature record: CXX_FEATURE:1cxx_return_type_deduction
    Feature record: CXX_FEATURE:1cxx_right_angle_brackets
    Feature record: CXX_FEATURE:1cxx_rvalue_references
    Feature record: CXX_FEATURE:1cxx_sizeof_member
    Feature record: CXX_FEATURE:1cxx_static_assert
    Feature record: CXX_FEATURE:1cxx_strong_enums
    Feature record: CXX_FEATURE:1cxx_template_template_parameters
    Feature record: CXX_FEATURE:1cxx_thread_local
    Feature record: CXX_FEATURE:1cxx_trailing_return_types
    Feature record: CXX_FEATURE:1cxx_unicode_literals
    Feature record: CXX_FEATURE:1cxx_uniform_initialization
    Feature record: CXX_FEATURE:1cxx_unrestricted_unions
    Feature record: CXX_FEATURE:1cxx_user_literals
    Feature record: CXX_FEATURE:1cxx_variable_templates
    Feature record: CXX_FEATURE:1cxx_variadic_macros
    Feature record: CXX_FEATURE:1cxx_variadic_templates


Detecting CXX [-std=c++14] compiler features compiled with the following output:
Change Dir: /home/xiaochen/android-build/freeimage-cmake/build/CMakeFiles/CMakeTmp

Run Build Command(s):/usr/bin/make cmTC_b287d/fast 
/usr/bin/make -f CMakeFiles/cmTC_b287d.dir/build.make CMakeFiles/cmTC_b287d.dir/build
make[1]: Entering directory '/home/xiaochen/android-build/freeimage-cmake/build/CMakeFiles/CMakeTmp'
Building CXX object CMakeFiles/cmTC_b287d.dir/feature_tests.cxx.o
/home/xiaochen/android-ndk-r20/toolchains/llvm/prebuilt/linux-x86_64/bin/armv7a-linux-androideabi21-clang++    -std=c++14 -o CMakeFiles/cmTC_b287d.dir/feature_tests.cxx.o -c /home/xiaochen/android-build/freeimage-cmake/build/CMakeFiles/feature_tests.cxx
Linking CXX executable cmTC_b287d
/opt/cmake/bin/cmake -E cmake_link_script CMakeFiles/cmTC_b287d.dir/link.txt --verbose=1
/home/xiaochen/android-ndk-r20/toolchains/llvm/prebuilt/linux-x86_64/bin/armv7a-linux-androideabi21-clang++       -rdynamic CMakeFiles/cmTC_b287d.dir/feature_tests.cxx.o  -o cmTC_b287d 
make[1]: Leaving directory '/home/xiaochen/android-build/freeimage-cmake/build/CMakeFiles/CMakeTmp'


    Feature record: CXX_FEATURE:1cxx_aggregate_default_initializers
    Feature record: CXX_FEATURE:1cxx_alias_templates
    Feature record: CXX_FEATURE:1cxx_alignas
    Feature record: CXX_FEATURE:1cxx_alignof
    Feature record: CXX_FEATURE:1cxx_attributes
    Feature record: CXX_FEATURE:1cxx_attribute_deprecated
    Feature record: CXX_FEATURE:1cxx_auto_type
    Feature record: CXX_FEATURE:1cxx_binary_literals
    Feature record: CXX_FEATURE:1cxx_constexpr
    Feature record: CXX_FEATURE:1cxx_contextual_conversions
    Feature record: CXX_FEATURE:1cxx_decltype
    Feature record: CXX_FEATURE:1cxx_decltype_auto
    Feature record: CXX_FEATURE:1cxx_decltype_incomplete_return_types
    Feature record: CXX_FEATURE:1cxx_default_function_template_args
    Feature record: CXX_FEATURE:1cxx_defaulted_functions
    Feature record: CXX_FEATURE:1cxx_defaulted_move_initializers
    Feature record: CXX_FEATURE:1cxx_delegating_constructors
    Feature record: CXX_FEATURE:1cxx_deleted_functions
    Feature record: CXX_FEATURE:1cxx_digit_separators
    Feature record: CXX_FEATURE:1cxx_enum_forward_declarations
    Feature record: CXX_FEATURE:1cxx_explicit_conversions
    Feature record: CXX_FEATURE:1cxx_extended_friend_declarations
    Feature record: CXX_FEATURE:1cxx_extern_templates
    Feature record: CXX_FEATURE:1cxx_final
    Feature record: CXX_FEATURE:1cxx_func_identifier
    Feature record: CXX_FEATURE:1cxx_generalized_initializers
    Feature record: CXX_FEATURE:1cxx_generic_lambdas
    Feature record: CXX_FEATURE:1cxx_inheriting_constructors
    Feature record: CXX_FEATURE:1cxx_inline_namespaces
    Feature record: CXX_FEATURE:1cxx_lambdas
    Feature record: CXX_FEATURE:1cxx_lambda_init_captures
    Feature record: CXX_FEATURE:1cxx_local_type_template_args
    Feature record: CXX_FEATURE:1cxx_long_long_type
    Feature record: CXX_FEATURE:1cxx_noexcept
    Feature record: CXX_FEATURE:1cxx_nonstatic_member_init
    Feature record: CXX_FEATURE:1cxx_nullptr
    Feature record: CXX_FEATURE:1cxx_override
    Feature record: CXX_FEATURE:1cxx_range_for
    Feature record: CXX_FEATURE:1cxx_raw_string_literals
    Feature record: CXX_FEATURE:1cxx_reference_qualified_functions
    Feature record: CXX_FEATURE:1cxx_relaxed_constexpr
    Feature record: CXX_FEATURE:1cxx_return_type_deduction
    Feature record: CXX_FEATURE:1cxx_right_angle_brackets
    Feature record: CXX_FEATURE:1cxx_rvalue_references
    Feature record: CXX_FEATURE:1cxx_sizeof_member
    Feature record: CXX_FEATURE:1cxx_static_assert
    Feature record: CXX_FEATURE:1cxx_strong_enums
    Feature record: CXX_FEATURE:1cxx_template_template_parameters
    Feature record: CXX_FEATURE:1cxx_thread_local
    Feature record: CXX_FEATURE:1cxx_trailing_return_types
    Feature record: CXX_FEATURE:1cxx_unicode_literals
    Feature record: CXX_FEATURE:1cxx_uniform_initialization
    Feature record: CXX_FEATURE:1cxx_unrestricted_unions
    Feature record: CXX_FEATURE:1cxx_user_literals
    Feature record: CXX_FEATURE:1cxx_variable_templates
    Feature record: CXX_FEATURE:1cxx_variadic_macros
    Feature record: CXX_FEATURE:1cxx_variadic_templates


Detecting CXX [-std=c++11] compiler features compiled with the following output:
Change Dir: /home/xiaochen/android-build/freeimage-cmake/build/CMakeFiles/CMakeTmp

Run Build Command(s):/usr/bin/make cmTC_1334e/fast 
/usr/bin/make -f CMakeFiles/cmTC_1334e.dir/build.make CMakeFiles/cmTC_1334e.dir/build
make[1]: Entering directory '/home/xiaochen/android-build/freeimage-cmake/build/CMakeFiles/CMakeTmp'
Building CXX object CMakeFiles/cmTC_1334e.dir/feature_tests.cxx.o
/home/xiaochen/android-ndk-r20/toolchains/llvm/prebuilt/linux-x86_64/bin/armv7a-linux-androideabi21-clang++    -std=c++11 -o CMakeFiles/cmTC_1334e.dir/feature_tests.cxx.o -c /home/xiaochen/android-build/freeimage-cmake/build/CMakeFiles/feature_tests.cxx
Linking CXX executable cmTC_1334e
/opt/cmake/bin/cmake -E cmake_link_script CMakeFiles/cmTC_1334e.dir/link.txt --verbose=1
/home/xiaochen/android-ndk-r20/toolchains/llvm/prebuilt/linux-x86_64/bin/armv7a-linux-androideabi21-clang++       -rdynamic CMakeFiles/cmTC_1334e.dir/feature_tests.cxx.o  -o cmTC_1334e 
make[1]: Leaving directory '/home/xiaochen/android-build/freeimage-cmake/build/CMakeFiles/CMakeTmp'


    Feature record: CXX_FEATURE:0cxx_aggregate_default_initializers
    Feature record: CXX_FEATURE:1cxx_alias_templates
    Feature record: CXX_FEATURE:1cxx_alignas
    Feature record: CXX_FEATURE:1cxx_alignof
    Feature record: CXX_FEATURE:1cxx_attributes
    Feature record: CXX_FEATURE:0cxx_attribute_deprecated
    Feature record: CXX_FEATURE:1cxx_auto_type
    Feature record: CXX_FEATURE:0cxx_binary_literals
    Feature record: CXX_FEATURE:1cxx_constexpr
    Feature record: CXX_FEATURE:0cxx_contextual_conversions
    Feature record: CXX_FEATURE:1cxx_decltype
    Feature record: CXX_FEATURE:0cxx_decltype_auto
    Feature record: CXX_FEATURE:1cxx_decltype_incomplete_return_types
    Feature record: CXX_FEATURE:1cxx_default_function_template_args
    Feature record: CXX_FEATURE:1cxx_defaulted_functions
    Feature record: CXX_FEATURE:1cxx_defaulted_move_initializers
    Feature record: CXX_FEATURE:1cxx_delegating_constructors
    Feature record: CXX_FEATURE:1cxx_deleted_functions
    Feature record: CXX_FEATURE:0cxx_digit_separators
    Feature record: CXX_FEATURE:1cxx_enum_forward_declarations
    Feature record: CXX_FEATURE:1cxx_explicit_conversions
    Feature record: CXX_FEATURE:1cxx_extended_friend_declarations
    Feature record: CXX_FEATURE:1cxx_extern_templates
    Feature record: CXX_FEATURE:1cxx_final
    Feature record: CXX_FEATURE:1cxx_func_identifier
    Feature record: CXX_FEATURE:1cxx_generalized_initializers
    Feature record: CXX_FEATURE:0cxx_generic_lambdas
    Feature record: CXX_FEATURE:1cxx_inheriting_constructors
    Feature record: CXX_FEATURE:1cxx_inline_namespaces
    Feature record: CXX_FEATURE:1cxx_lambdas
    Feature record: CXX_FEATURE:0cxx_lambda_init_captures
    Feature record: CXX_FEATURE:1cxx_local_type_template_args
    Feature record: CXX_FEATURE:1cxx_long_long_type
    Feature record: CXX_FEATURE:1cxx_noexcept
    Feature record: CXX_FEATURE:1cxx_nonstatic_member_init
    Feature record: CXX_FEATURE:1cxx_nullptr
    Feature record: CXX_FEATURE:1cxx_override
    Feature record: CXX_FEATURE:1cxx_range_for
    Feature record: CXX_FEATURE:1cxx_raw_string_literals
    Feature record: CXX_FEATURE:1cxx_reference_qualified_functions
    Feature record: CXX_FEATURE:0cxx_relaxed_constexpr
    Feature record: CXX_FEATURE:0cxx_return_type_deduction
    Feature record: CXX_FEATURE:1cxx_right_angle_brackets
    Feature record: CXX_FEATURE:1cxx_rvalue_references
    Feature record: CXX_FEATURE:1cxx_sizeof_member
    Feature record: CXX_FEATURE:1cxx_static_assert
    Feature record: CXX_FEATURE:1cxx_strong_enums
    Feature record: CXX_FEATURE:1cxx_template_template_parameters
    Feature record: CXX_FEATURE:1cxx_thread_local
    Feature record: CXX_FEATURE:1cxx_trailing_return_types
    Feature record: CXX_FEATURE:1cxx_unicode_literals
    Feature record: CXX_FEATURE:1cxx_uniform_initialization
    Feature record: CXX_FEATURE:1cxx_unrestricted_unions
    Feature record: CXX_FEATURE:1cxx_user_literals
    Feature record: CXX_FEATURE:0cxx_variable_templates
    Feature record: CXX_FEATURE:1cxx_variadic_macros
    Feature record: CXX_FEATURE:1cxx_variadic_templates


Detecting CXX [-std=c++98] compiler features compiled with the following output:
Change Dir: /home/xiaochen/android-build/freeimage-cmake/build/CMakeFiles/CMakeTmp

Run Build Command(s):/usr/bin/make cmTC_e9dfc/fast 
/usr/bin/make -f CMakeFiles/cmTC_e9dfc.dir/build.make CMakeFiles/cmTC_e9dfc.dir/build
make[1]: Entering directory '/home/xiaochen/android-build/freeimage-cmake/build/CMakeFiles/CMakeTmp'
Building CXX object CMakeFiles/cmTC_e9dfc.dir/feature_tests.cxx.o
/home/xiaochen/android-ndk-r20/toolchains/llvm/prebuilt/linux-x86_64/bin/armv7a-linux-androideabi21-clang++    -std=c++98 -o CMakeFiles/cmTC_e9dfc.dir/feature_tests.cxx.o -c /home/xiaochen/android-build/freeimage-cmake/build/CMakeFiles/feature_tests.cxx
Linking CXX executable cmTC_e9dfc
/opt/cmake/bin/cmake -E cmake_link_script CMakeFiles/cmTC_e9dfc.dir/link.txt --verbose=1
/home/xiaochen/android-ndk-r20/toolchains/llvm/prebuilt/linux-x86_64/bin/armv7a-linux-androideabi21-clang++       -rdynamic CMakeFiles/cmTC_e9dfc.dir/feature_tests.cxx.o  -o cmTC_e9dfc 
make[1]: Leaving directory '/home/xiaochen/android-build/freeimage-cmake/build/CMakeFiles/CMakeTmp'


    Feature record: CXX_FEATURE:0cxx_aggregate_default_initializers
    Feature record: CXX_FEATURE:0cxx_alias_templates
    Feature record: CXX_FEATURE:0cxx_alignas
    Feature record: CXX_FEATURE:0cxx_alignof
    Feature record: CXX_FEATURE:0cxx_attributes
    Feature record: CXX_FEATURE:0cxx_attribute_deprecated
    Feature record: CXX_FEATURE:0cxx_auto_type
    Feature record: CXX_FEATURE:0cxx_binary_literals
    Feature record: CXX_FEATURE:0cxx_constexpr
    Feature record: CXX_FEATURE:0cxx_contextual_conversions
    Feature record: CXX_FEATURE:0cxx_decltype
    Feature record: CXX_FEATURE:0cxx_decltype_auto
    Feature record: CXX_FEATURE:0cxx_decltype_incomplete_return_types
    Feature record: CXX_FEATURE:0cxx_default_function_template_args
    Feature record: CXX_FEATURE:0cxx_defaulted_functions
    Feature record: CXX_FEATURE:0cxx_defaulted_move_initializers
    Feature record: CXX_FEATURE:0cxx_delegating_constructors
    Feature record: CXX_FEATURE:0cxx_deleted_functions
    Feature record: CXX_FEATURE:0cxx_digit_separators
    Feature record: CXX_FEATURE:0cxx_enum_forward_declarations
    Feature record: CXX_FEATURE:0cxx_explicit_conversions
    Feature record: CXX_FEATURE:0cxx_extended_friend_declarations
    Feature record: CXX_FEATURE:0cxx_extern_templates
    Feature record: CXX_FEATURE:0cxx_final
    Feature record: CXX_FEATURE:0cxx_func_identifier
    Feature record: CXX_FEATURE:0cxx_generalized_initializers
    Feature record: CXX_FEATURE:0cxx_generic_lambdas
    Feature record: CXX_FEATURE:0cxx_inheriting_constructors
    Feature record: CXX_FEATURE:0cxx_inline_namespaces
    Feature record: CXX_FEATURE:0cxx_lambdas
    Feature record: CXX_FEATURE:0cxx_lambda_init_captures
    Feature record: CXX_FEATURE:0cxx_local_type_template_args
    Feature record: CXX_FEATURE:0cxx_long_long_type
    Feature record: CXX_FEATURE:0cxx_noexcept
    Feature record: CXX_FEATURE:0cxx_nonstatic_member_init
    Feature record: CXX_FEATURE:0cxx_nullptr
    Feature record: CXX_FEATURE:0cxx_override
    Feature record: CXX_FEATURE:0cxx_range_for
    Feature record: CXX_FEATURE:0cxx_raw_string_literals
    Feature record: CXX_FEATURE:0cxx_reference_qualified_functions
    Feature record: CXX_FEATURE:0cxx_relaxed_constexpr
    Feature record: CXX_FEATURE:0cxx_return_type_deduction
    Feature record: CXX_FEATURE:0cxx_right_angle_brackets
    Feature record: CXX_FEATURE:0cxx_rvalue_references
    Feature record: CXX_FEATURE:0cxx_sizeof_member
    Feature record: CXX_FEATURE:0cxx_static_assert
    Feature record: CXX_FEATURE:0cxx_strong_enums
    Feature record: CXX_FEATURE:1cxx_template_template_parameters
    Feature record: CXX_FEATURE:0cxx_thread_local
    Feature record: CXX_FEATURE:0cxx_trailing_return_types
    Feature record: CXX_FEATURE:0cxx_unicode_literals
    Feature record: CXX_FEATURE:0cxx_uniform_initialization
    Feature record: CXX_FEATURE:0cxx_unrestricted_unions
    Feature record: CXX_FEATURE:0cxx_user_literals
    Feature record: CXX_FEATURE:0cxx_variable_templates
    Feature record: CXX_FEATURE:0cxx_variadic_macros
    Feature record: CXX_FEATURE:0cxx_variadic_templates
